#! /usr/bin/vvp
:ivl_version "10.1 (stable)";
:ivl_delay_selection "TYPICAL";
:vpi_time_precision + 0;
:vpi_module "system";
:vpi_module "vhdl_sys";
:vpi_module "v2005_math";
:vpi_module "va_math";
S_0x56106c3130c0 .scope module, "top" "top" 2 3;
 .timescale 0 0;
v0x56106c34aa80_0 .var "clk", 0 0;
v0x56106c34ab40_0 .net "out", 7 0, L_0x56106c351d20;  1 drivers
v0x56106c34ac00_0 .var "parallel_in", 7 0;
v0x56106c34aca0_0 .var "s0", 0 0;
v0x56106c34ad40_0 .var "s1", 0 0;
v0x56106c34ae30_0 .var "shift_left_input", 0 0;
v0x56106c34aed0_0 .var "shift_right_input", 0 0;
S_0x56106c321090 .scope module, "shift_register" "eightbitsr" 2 11, 3 3 0, S_0x56106c3130c0;
 .timescale 0 0;
    .port_info 0 /INPUT 1 "clk"
    .port_info 1 /INPUT 1 "s0"
    .port_info 2 /INPUT 1 "s1"
    .port_info 3 /INPUT 8 "parallel_in"
    .port_info 4 /INPUT 1 "shift_left_input"
    .port_info 5 /INPUT 1 "shift_right_input"
    .port_info 6 /OUTPUT 8 "out"
v0x56106c34a3f0_0 .net "clk", 0 0, v0x56106c34aa80_0;  1 drivers
v0x56106c34a4b0_0 .net "out", 7 0, L_0x56106c351d20;  alias, 1 drivers
v0x56106c34a590_0 .net "parallel_in", 7 0, v0x56106c34ac00_0;  1 drivers
v0x56106c34a680_0 .net "s0", 0 0, v0x56106c34aca0_0;  1 drivers
v0x56106c34a720_0 .net "s1", 0 0, v0x56106c34ad40_0;  1 drivers
v0x56106c34a7c0_0 .net "shift_left_input", 0 0, v0x56106c34ae30_0;  1 drivers
v0x56106c34a8b0_0 .net "shift_right_input", 0 0, v0x56106c34aed0_0;  1 drivers
L_0x56106c34e260 .part v0x56106c34ac00_0, 0, 4;
L_0x56106c34e300 .part L_0x56106c351d20, 4, 1;
L_0x56106c351bb0 .part v0x56106c34ac00_0, 4, 4;
L_0x56106c351c50 .part L_0x56106c351d20, 3, 1;
L_0x56106c351d20 .concat8 [ 4 4 0 0], L_0x56106c34e1c0, L_0x56106c351b10;
S_0x56106c314840 .scope module, "four_to_seven" "fourbitsr" 3 9, 4 4 0, S_0x56106c321090;
 .timescale 0 0;
    .port_info 0 /INPUT 1 "clk"
    .port_info 1 /INPUT 1 "s0"
    .port_info 2 /INPUT 1 "s1"
    .port_info 3 /INPUT 4 "parallel_in"
    .port_info 4 /INPUT 1 "shift_left_input"
    .port_info 5 /INPUT 1 "shift_right_input"
    .port_info 6 /OUTPUT 4 "out"
v0x56106c343840_0 .net "clk", 0 0, v0x56106c34aa80_0;  alias, 1 drivers
v0x56106c343990 .array "d", 0 3;
v0x56106c343990_0 .net v0x56106c343990 0, 0 0, L_0x56106c34ea40; 1 drivers
v0x56106c343990_1 .net v0x56106c343990 1, 0 0, L_0x56106c34fd80; 1 drivers
v0x56106c343990_2 .net v0x56106c343990 2, 0 0, L_0x56106c350990; 1 drivers
v0x56106c343990_3 .net v0x56106c343990 3, 0 0, L_0x56106c3514e0; 1 drivers
v0x56106c343af0 .array "negout", 0 3;
v0x56106c343af0_0 .net v0x56106c343af0 0, 0 0, v0x56106c31f7b0_0; 1 drivers
v0x56106c343af0_1 .net v0x56106c343af0 1, 0 0, v0x56106c33ecb0_0; 1 drivers
v0x56106c343af0_2 .net v0x56106c343af0 2, 0 0, v0x56106c33f2e0_0; 1 drivers
v0x56106c343af0_3 .net v0x56106c343af0 3, 0 0, v0x56106c33f8e0_0; 1 drivers
v0x56106c343bf0_0 .net "out", 3 0, L_0x56106c351b10;  1 drivers
v0x56106c343c90_0 .net "parallel_in", 3 0, L_0x56106c351bb0;  1 drivers
v0x56106c343d80_0 .net "s0", 0 0, v0x56106c34aca0_0;  alias, 1 drivers
v0x56106c343eb0_0 .net "s1", 0 0, v0x56106c34ad40_0;  alias, 1 drivers
v0x56106c343fe0_0 .net "shift_left_input", 0 0, L_0x56106c351c50;  1 drivers
v0x56106c344080_0 .net "shift_right_input", 0 0, v0x56106c34aed0_0;  alias, 1 drivers
L_0x56106c34ec20 .part L_0x56106c351b10, 0, 1;
L_0x56106c34ed10 .part L_0x56106c351b10, 1, 1;
L_0x56106c34ee50 .part L_0x56106c351bb0, 0, 1;
L_0x56106c34ff60 .part L_0x56106c351b10, 1, 1;
L_0x56106c350080 .part L_0x56106c351b10, 2, 1;
L_0x56106c350200 .part L_0x56106c351b10, 0, 1;
L_0x56106c3502a0 .part L_0x56106c351bb0, 1, 1;
L_0x56106c350b70 .part L_0x56106c351b10, 2, 1;
L_0x56106c350cb0 .part L_0x56106c351b10, 3, 1;
L_0x56106c350da0 .part L_0x56106c351b10, 1, 1;
L_0x56106c350ef0 .part L_0x56106c351bb0, 2, 1;
L_0x56106c3516c0 .part L_0x56106c351b10, 3, 1;
L_0x56106c351820 .part L_0x56106c351b10, 2, 1;
L_0x56106c351910 .part L_0x56106c351bb0, 3, 1;
L_0x56106c351b10 .concat8 [ 1 1 1 1], v0x56106c3206f0_0, v0x56106c31f030_0, v0x56106c33f240_0, v0x56106c33f810_0;
S_0x56106c322510 .scope module, "dff0" "dff" 4 17, 5 1 0, S_0x56106c314840;
 .timescale 0 0;
    .port_info 0 /INPUT 1 "d"
    .port_info 1 /INPUT 1 "clk"
    .port_info 2 /OUTPUT 1 "q"
    .port_info 3 /OUTPUT 1 "q_bar"
v0x56106c310870_0 .net "clk", 0 0, v0x56106c34aa80_0;  alias, 1 drivers
v0x56106c321630_0 .net "d", 0 0, L_0x56106c34ea40;  alias, 1 drivers
v0x56106c3206f0_0 .var "q", 0 0;
v0x56106c31f7b0_0 .var "q_bar", 0 0;
E_0x56106c2adcf0 .event posedge, v0x56106c310870_0;
S_0x56106c33ea50 .scope module, "dff1" "dff" 4 18, 5 1 0, S_0x56106c314840;
 .timescale 0 0;
    .port_info 0 /INPUT 1 "d"
    .port_info 1 /INPUT 1 "clk"
    .port_info 2 /OUTPUT 1 "q"
    .port_info 3 /OUTPUT 1 "q_bar"
v0x56106c31ff70_0 .net "clk", 0 0, v0x56106c34aa80_0;  alias, 1 drivers
v0x56106c311fa0_0 .net "d", 0 0, L_0x56106c34fd80;  alias, 1 drivers
v0x56106c31f030_0 .var "q", 0 0;
v0x56106c33ecb0_0 .var "q_bar", 0 0;
S_0x56106c33ee20 .scope module, "dff2" "dff" 4 19, 5 1 0, S_0x56106c314840;
 .timescale 0 0;
    .port_info 0 /INPUT 1 "d"
    .port_info 1 /INPUT 1 "clk"
    .port_info 2 /OUTPUT 1 "q"
    .port_info 3 /OUTPUT 1 "q_bar"
v0x56106c33f090_0 .net "clk", 0 0, v0x56106c34aa80_0;  alias, 1 drivers
v0x56106c33f180_0 .net "d", 0 0, L_0x56106c350990;  alias, 1 drivers
v0x56106c33f240_0 .var "q", 0 0;
v0x56106c33f2e0_0 .var "q_bar", 0 0;
S_0x56106c33f450 .scope module, "dff3" "dff" 4 20, 5 1 0, S_0x56106c314840;
 .timescale 0 0;
    .port_info 0 /INPUT 1 "d"
    .port_info 1 /INPUT 1 "clk"
    .port_info 2 /OUTPUT 1 "q"
    .port_info 3 /OUTPUT 1 "q_bar"
v0x56106c33f690_0 .net "clk", 0 0, v0x56106c34aa80_0;  alias, 1 drivers
v0x56106c33f750_0 .net "d", 0 0, L_0x56106c3514e0;  alias, 1 drivers
v0x56106c33f810_0 .var "q", 0 0;
v0x56106c33f8e0_0 .var "q_bar", 0 0;
S_0x56106c33fa50 .scope module, "mux0" "mux" 4 12, 6 1 0, S_0x56106c314840;
 .timescale 0 0;
    .port_info 0 /INPUT 1 "s0"
    .port_info 1 /INPUT 1 "s1"
    .port_info 2 /INPUT 1 "i0"
    .port_info 3 /INPUT 1 "i1"
    .port_info 4 /INPUT 1 "i2"
    .port_info 5 /INPUT 1 "i3"
    .port_info 6 /OUTPUT 1 "out"
L_0x56106c34def0 .functor AND 1, L_0x56106c34e420, L_0x56106c34e4e0, L_0x56106c34ec20, C4<1>;
L_0x56106c34e420 .functor NOT 1, v0x56106c34aca0_0, C4<0>, C4<0>, C4<0>;
L_0x56106c34e4e0 .functor NOT 1, v0x56106c34ad40_0, C4<0>, C4<0>, C4<0>;
L_0x56106c34e5a0 .functor AND 1, v0x56106c34aca0_0, L_0x56106c34e6a0, L_0x56106c34ed10, C4<1>;
L_0x56106c34e6a0 .functor NOT 1, v0x56106c34ad40_0, C4<0>, C4<0>, C4<0>;
L_0x56106c34e760 .functor AND 1, L_0x56106c34e8c0, v0x56106c34ad40_0, L_0x56106c351c50, C4<1>;
L_0x56106c34e8c0 .functor NOT 1, v0x56106c34aca0_0, C4<0>, C4<0>, C4<0>;
L_0x56106c34e980 .functor AND 1, v0x56106c34aca0_0, v0x56106c34ad40_0, L_0x56106c34ee50, C4<1>;
L_0x56106c34ea40 .functor OR 1, L_0x56106c34def0, L_0x56106c34e5a0, L_0x56106c34e760, L_0x56106c34e980;
v0x56106c33fd20_0 .net *"_s0", 0 0, L_0x56106c34e420;  1 drivers
v0x56106c33fe20_0 .net *"_s2", 0 0, L_0x56106c34e4e0;  1 drivers
v0x56106c33ff00_0 .net *"_s4", 0 0, L_0x56106c34e6a0;  1 drivers
v0x56106c33ffc0_0 .net *"_s6", 0 0, L_0x56106c34e8c0;  1 drivers
v0x56106c3400a0_0 .net "i0", 0 0, L_0x56106c34ec20;  1 drivers
v0x56106c3401b0_0 .net "i1", 0 0, L_0x56106c34ed10;  1 drivers
v0x56106c340270_0 .net "i2", 0 0, L_0x56106c351c50;  alias, 1 drivers
v0x56106c340330_0 .net "i3", 0 0, L_0x56106c34ee50;  1 drivers
v0x56106c3403f0_0 .net "out", 0 0, L_0x56106c34ea40;  alias, 1 drivers
v0x56106c340490_0 .net "s0", 0 0, v0x56106c34aca0_0;  alias, 1 drivers
v0x56106c340530_0 .net "s1", 0 0, v0x56106c34ad40_0;  alias, 1 drivers
v0x56106c3405f0_0 .net "w0", 0 0, L_0x56106c34def0;  1 drivers
v0x56106c3406b0_0 .net "w1", 0 0, L_0x56106c34e5a0;  1 drivers
v0x56106c340770_0 .net "w2", 0 0, L_0x56106c34e760;  1 drivers
v0x56106c340830_0 .net "w3", 0 0, L_0x56106c34e980;  1 drivers
S_0x56106c3409d0 .scope module, "mux1" "mux" 4 13, 6 1 0, S_0x56106c314840;
 .timescale 0 0;
    .port_info 0 /INPUT 1 "s0"
    .port_info 1 /INPUT 1 "s1"
    .port_info 2 /INPUT 1 "i0"
    .port_info 3 /INPUT 1 "i1"
    .port_info 4 /INPUT 1 "i2"
    .port_info 5 /INPUT 1 "i3"
    .port_info 6 /OUTPUT 1 "out"
L_0x56106c34ef40 .functor AND 1, L_0x56106c34efb0, L_0x56106c34f480, L_0x56106c34ff60, C4<1>;
L_0x56106c34efb0 .functor NOT 1, v0x56106c34aca0_0, C4<0>, C4<0>, C4<0>;
L_0x56106c34f480 .functor NOT 1, v0x56106c34ad40_0, C4<0>, C4<0>, C4<0>;
L_0x56106c34f900 .functor AND 1, v0x56106c34aca0_0, L_0x56106c34f9d0, L_0x56106c350080, C4<1>;
L_0x56106c34f9d0 .functor NOT 1, v0x56106c34ad40_0, C4<0>, C4<0>, C4<0>;
L_0x56106c34fa90 .functor AND 1, L_0x56106c34fbd0, v0x56106c34ad40_0, L_0x56106c350200, C4<1>;
L_0x56106c34fbd0 .functor NOT 1, v0x56106c34aca0_0, C4<0>, C4<0>, C4<0>;
L_0x56106c34fc90 .functor AND 1, v0x56106c34aca0_0, v0x56106c34ad40_0, L_0x56106c3502a0, C4<1>;
L_0x56106c34fd80 .functor OR 1, L_0x56106c34ef40, L_0x56106c34f900, L_0x56106c34fa90, L_0x56106c34fc90;
v0x56106c340c00_0 .net *"_s0", 0 0, L_0x56106c34efb0;  1 drivers
v0x56106c340d00_0 .net *"_s2", 0 0, L_0x56106c34f480;  1 drivers
v0x56106c340de0_0 .net *"_s4", 0 0, L_0x56106c34f9d0;  1 drivers
v0x56106c340ea0_0 .net *"_s6", 0 0, L_0x56106c34fbd0;  1 drivers
v0x56106c340f80_0 .net "i0", 0 0, L_0x56106c34ff60;  1 drivers
v0x56106c341090_0 .net "i1", 0 0, L_0x56106c350080;  1 drivers
v0x56106c341150_0 .net "i2", 0 0, L_0x56106c350200;  1 drivers
v0x56106c341210_0 .net "i3", 0 0, L_0x56106c3502a0;  1 drivers
v0x56106c3412d0_0 .net "out", 0 0, L_0x56106c34fd80;  alias, 1 drivers
v0x56106c341370_0 .net "s0", 0 0, v0x56106c34aca0_0;  alias, 1 drivers
v0x56106c341440_0 .net "s1", 0 0, v0x56106c34ad40_0;  alias, 1 drivers
v0x56106c341510_0 .net "w0", 0 0, L_0x56106c34ef40;  1 drivers
v0x56106c3415b0_0 .net "w1", 0 0, L_0x56106c34f900;  1 drivers
v0x56106c341650_0 .net "w2", 0 0, L_0x56106c34fa90;  1 drivers
v0x56106c3416f0_0 .net "w3", 0 0, L_0x56106c34fc90;  1 drivers
S_0x56106c341890 .scope module, "mux2" "mux" 4 14, 6 1 0, S_0x56106c314840;
 .timescale 0 0;
    .port_info 0 /INPUT 1 "s0"
    .port_info 1 /INPUT 1 "s1"
    .port_info 2 /INPUT 1 "i0"
    .port_info 3 /INPUT 1 "i1"
    .port_info 4 /INPUT 1 "i2"
    .port_info 5 /INPUT 1 "i3"
    .port_info 6 /OUTPUT 1 "out"
L_0x56106c3503e0 .functor AND 1, L_0x56106c350450, L_0x56106c350510, L_0x56106c350b70, C4<1>;
L_0x56106c350450 .functor NOT 1, v0x56106c34aca0_0, C4<0>, C4<0>, C4<0>;
L_0x56106c350510 .functor NOT 1, v0x56106c34ad40_0, C4<0>, C4<0>, C4<0>;
L_0x56106c3505d0 .functor AND 1, v0x56106c34aca0_0, L_0x56106c350640, L_0x56106c350cb0, C4<1>;
L_0x56106c350640 .functor NOT 1, v0x56106c34ad40_0, C4<0>, C4<0>, C4<0>;
L_0x56106c350700 .functor AND 1, L_0x56106c3507e0, v0x56106c34ad40_0, L_0x56106c350da0, C4<1>;
L_0x56106c3507e0 .functor NOT 1, v0x56106c34aca0_0, C4<0>, C4<0>, C4<0>;
L_0x56106c3508a0 .functor AND 1, v0x56106c34aca0_0, v0x56106c34ad40_0, L_0x56106c350ef0, C4<1>;
L_0x56106c350990 .functor OR 1, L_0x56106c3503e0, L_0x56106c3505d0, L_0x56106c350700, L_0x56106c3508a0;
v0x56106c341ac0_0 .net *"_s0", 0 0, L_0x56106c350450;  1 drivers
v0x56106c341bc0_0 .net *"_s2", 0 0, L_0x56106c350510;  1 drivers
v0x56106c341ca0_0 .net *"_s4", 0 0, L_0x56106c350640;  1 drivers
v0x56106c341d90_0 .net *"_s6", 0 0, L_0x56106c3507e0;  1 drivers
v0x56106c341e70_0 .net "i0", 0 0, L_0x56106c350b70;  1 drivers
v0x56106c341f80_0 .net "i1", 0 0, L_0x56106c350cb0;  1 drivers
v0x56106c342040_0 .net "i2", 0 0, L_0x56106c350da0;  1 drivers
v0x56106c342100_0 .net "i3", 0 0, L_0x56106c350ef0;  1 drivers
v0x56106c3421c0_0 .net "out", 0 0, L_0x56106c350990;  alias, 1 drivers
v0x56106c3422f0_0 .net "s0", 0 0, v0x56106c34aca0_0;  alias, 1 drivers
v0x56106c342390_0 .net "s1", 0 0, v0x56106c34ad40_0;  alias, 1 drivers
v0x56106c342480_0 .net "w0", 0 0, L_0x56106c3503e0;  1 drivers
v0x56106c342520_0 .net "w1", 0 0, L_0x56106c3505d0;  1 drivers
v0x56106c3425e0_0 .net "w2", 0 0, L_0x56106c350700;  1 drivers
v0x56106c3426a0_0 .net "w3", 0 0, L_0x56106c3508a0;  1 drivers
S_0x56106c342880 .scope module, "mux3" "mux" 4 15, 6 1 0, S_0x56106c314840;
 .timescale 0 0;
    .port_info 0 /INPUT 1 "s0"
    .port_info 1 /INPUT 1 "s1"
    .port_info 2 /INPUT 1 "i0"
    .port_info 3 /INPUT 1 "i1"
    .port_info 4 /INPUT 1 "i2"
    .port_info 5 /INPUT 1 "i3"
    .port_info 6 /OUTPUT 1 "out"
L_0x56106c350f90 .functor AND 1, L_0x56106c351000, L_0x56106c3510c0, L_0x56106c3516c0, C4<1>;
L_0x56106c351000 .functor NOT 1, v0x56106c34aca0_0, C4<0>, C4<0>, C4<0>;
L_0x56106c3510c0 .functor NOT 1, v0x56106c34ad40_0, C4<0>, C4<0>, C4<0>;
L_0x56106c351180 .functor AND 1, v0x56106c34aca0_0, L_0x56106c3511f0, v0x56106c34aed0_0, C4<1>;
L_0x56106c3511f0 .functor NOT 1, v0x56106c34ad40_0, C4<0>, C4<0>, C4<0>;
L_0x56106c351260 .functor AND 1, L_0x56106c351330, v0x56106c34ad40_0, L_0x56106c351820, C4<1>;
L_0x56106c351330 .functor NOT 1, v0x56106c34aca0_0, C4<0>, C4<0>, C4<0>;
L_0x56106c3513f0 .functor AND 1, v0x56106c34aca0_0, v0x56106c34ad40_0, L_0x56106c351910, C4<1>;
L_0x56106c3514e0 .functor OR 1, L_0x56106c350f90, L_0x56106c351180, L_0x56106c351260, L_0x56106c3513f0;
v0x56106c342b00_0 .net *"_s0", 0 0, L_0x56106c351000;  1 drivers
v0x56106c342c00_0 .net *"_s2", 0 0, L_0x56106c3510c0;  1 drivers
v0x56106c342ce0_0 .net *"_s4", 0 0, L_0x56106c3511f0;  1 drivers
v0x56106c342da0_0 .net *"_s6", 0 0, L_0x56106c351330;  1 drivers
v0x56106c342e80_0 .net "i0", 0 0, L_0x56106c3516c0;  1 drivers
v0x56106c342f90_0 .net "i1", 0 0, v0x56106c34aed0_0;  alias, 1 drivers
v0x56106c343050_0 .net "i2", 0 0, L_0x56106c351820;  1 drivers
v0x56106c343110_0 .net "i3", 0 0, L_0x56106c351910;  1 drivers
v0x56106c3431d0_0 .net "out", 0 0, L_0x56106c3514e0;  alias, 1 drivers
v0x56106c343300_0 .net "s0", 0 0, v0x56106c34aca0_0;  alias, 1 drivers
v0x56106c3433a0_0 .net "s1", 0 0, v0x56106c34ad40_0;  alias, 1 drivers
v0x56106c343440_0 .net "w0", 0 0, L_0x56106c350f90;  1 drivers
v0x56106c3434e0_0 .net "w1", 0 0, L_0x56106c351180;  1 drivers
v0x56106c3435a0_0 .net "w2", 0 0, L_0x56106c351260;  1 drivers
v0x56106c343660_0 .net "w3", 0 0, L_0x56106c3513f0;  1 drivers
S_0x56106c344240 .scope module, "zero_to_three" "fourbitsr" 3 8, 4 4 0, S_0x56106c321090;
 .timescale 0 0;
    .port_info 0 /INPUT 1 "clk"
    .port_info 1 /INPUT 1 "s0"
    .port_info 2 /INPUT 1 "s1"
    .port_info 3 /INPUT 4 "parallel_in"
    .port_info 4 /INPUT 1 "shift_left_input"
    .port_info 5 /INPUT 1 "shift_right_input"
    .port_info 6 /OUTPUT 4 "out"
v0x56106c349bb0_0 .net "clk", 0 0, v0x56106c34aa80_0;  alias, 1 drivers
v0x56106c349c70 .array "d", 0 3;
v0x56106c349c70_0 .net v0x56106c349c70 0, 0 0, L_0x56106c34b650; 1 drivers
v0x56106c349c70_1 .net v0x56106c349c70 1, 0 0, L_0x56106c34c3d0; 1 drivers
v0x56106c349c70_2 .net v0x56106c349c70 2, 0 0, L_0x56106c34d020; 1 drivers
v0x56106c349c70_3 .net v0x56106c349c70 3, 0 0, L_0x56106c34dc20; 1 drivers
v0x56106c349e50 .array "negout", 0 3;
v0x56106c349e50_0 .net v0x56106c349e50 0, 0 0, v0x56106c344900_0; 1 drivers
v0x56106c349e50_1 .net v0x56106c349e50 1, 0 0, v0x56106c344eb0_0; 1 drivers
v0x56106c349e50_2 .net v0x56106c349e50 2, 0 0, v0x56106c3454c0_0; 1 drivers
v0x56106c349e50_3 .net v0x56106c349e50 3, 0 0, v0x56106c345ac0_0; 1 drivers
v0x56106c349f50_0 .net "out", 3 0, L_0x56106c34e1c0;  1 drivers
v0x56106c349ff0_0 .net "parallel_in", 3 0, L_0x56106c34e260;  1 drivers
v0x56106c34a0e0_0 .net "s0", 0 0, v0x56106c34aca0_0;  alias, 1 drivers
v0x56106c34a180_0 .net "s1", 0 0, v0x56106c34ad40_0;  alias, 1 drivers
v0x56106c34a220_0 .net "shift_left_input", 0 0, v0x56106c34ae30_0;  alias, 1 drivers
v0x56106c34a2c0_0 .net "shift_right_input", 0 0, L_0x56106c34e300;  1 drivers
L_0x56106c34b830 .part L_0x56106c34e1c0, 0, 1;
L_0x56106c34b920 .part L_0x56106c34e1c0, 1, 1;
L_0x56106c34ba60 .part L_0x56106c34e260, 0, 1;
L_0x56106c34c5b0 .part L_0x56106c34e1c0, 1, 1;
L_0x56106c34c6d0 .part L_0x56106c34e1c0, 2, 1;
L_0x56106c34c850 .part L_0x56106c34e1c0, 0, 1;
L_0x56106c34c930 .part L_0x56106c34e260, 1, 1;
L_0x56106c34d200 .part L_0x56106c34e1c0, 2, 1;
L_0x56106c34d340 .part L_0x56106c34e1c0, 3, 1;
L_0x56106c34d430 .part L_0x56106c34e1c0, 1, 1;
L_0x56106c34d580 .part L_0x56106c34e260, 2, 1;
L_0x56106c34de00 .part L_0x56106c34e1c0, 3, 1;
L_0x56106c34df60 .part L_0x56106c34e1c0, 2, 1;
L_0x56106c34e050 .part L_0x56106c34e260, 3, 1;
L_0x56106c34e1c0 .concat8 [ 1 1 1 1], v0x56106c344830_0, v0x56106c344de0_0, v0x56106c3453f0_0, v0x56106c3459f0_0;
S_0x56106c344490 .scope module, "dff0" "dff" 4 17, 5 1 0, S_0x56106c344240;
 .timescale 0 0;
    .port_info 0 /INPUT 1 "d"
    .port_info 1 /INPUT 1 "clk"
    .port_info 2 /OUTPUT 1 "q"
    .port_info 3 /OUTPUT 1 "q_bar"
v0x56106c3446b0_0 .net "clk", 0 0, v0x56106c34aa80_0;  alias, 1 drivers
v0x56106c344770_0 .net "d", 0 0, L_0x56106c34b650;  alias, 1 drivers
v0x56106c344830_0 .var "q", 0 0;
v0x56106c344900_0 .var "q_bar", 0 0;
S_0x56106c344a70 .scope module, "dff1" "dff" 4 18, 5 1 0, S_0x56106c344240;
 .timescale 0 0;
    .port_info 0 /INPUT 1 "d"
    .port_info 1 /INPUT 1 "clk"
    .port_info 2 /OUTPUT 1 "q"
    .port_info 3 /OUTPUT 1 "q_bar"
v0x56106c344c80_0 .net "clk", 0 0, v0x56106c34aa80_0;  alias, 1 drivers
v0x56106c344d20_0 .net "d", 0 0, L_0x56106c34c3d0;  alias, 1 drivers
v0x56106c344de0_0 .var "q", 0 0;
v0x56106c344eb0_0 .var "q_bar", 0 0;
S_0x56106c345020 .scope module, "dff2" "dff" 4 19, 5 1 0, S_0x56106c344240;
 .timescale 0 0;
    .port_info 0 /INPUT 1 "d"
    .port_info 1 /INPUT 1 "clk"
    .port_info 2 /OUTPUT 1 "q"
    .port_info 3 /OUTPUT 1 "q_bar"
v0x56106c345290_0 .net "clk", 0 0, v0x56106c34aa80_0;  alias, 1 drivers
v0x56106c345330_0 .net "d", 0 0, L_0x56106c34d020;  alias, 1 drivers
v0x56106c3453f0_0 .var "q", 0 0;
v0x56106c3454c0_0 .var "q_bar", 0 0;
S_0x56106c345630 .scope module, "dff3" "dff" 4 20, 5 1 0, S_0x56106c344240;
 .timescale 0 0;
    .port_info 0 /INPUT 1 "d"
    .port_info 1 /INPUT 1 "clk"
    .port_info 2 /OUTPUT 1 "q"
    .port_info 3 /OUTPUT 1 "q_bar"
v0x56106c345870_0 .net "clk", 0 0, v0x56106c34aa80_0;  alias, 1 drivers
v0x56106c345930_0 .net "d", 0 0, L_0x56106c34dc20;  alias, 1 drivers
v0x56106c3459f0_0 .var "q", 0 0;
v0x56106c345ac0_0 .var "q_bar", 0 0;
S_0x56106c345c30 .scope module, "mux0" "mux" 4 12, 6 1 0, S_0x56106c344240;
 .timescale 0 0;
    .port_info 0 /INPUT 1 "s0"
    .port_info 1 /INPUT 1 "s1"
    .port_info 2 /INPUT 1 "i0"
    .port_info 3 /INPUT 1 "i1"
    .port_info 4 /INPUT 1 "i2"
    .port_info 5 /INPUT 1 "i3"
    .port_info 6 /OUTPUT 1 "out"
L_0x56106c34af70 .functor AND 1, L_0x56106c34b0a0, L_0x56106c34b160, L_0x56106c34b830, C4<1>;
L_0x56106c34b0a0 .functor NOT 1, v0x56106c34aca0_0, C4<0>, C4<0>, C4<0>;
L_0x56106c34b160 .functor NOT 1, v0x56106c34ad40_0, C4<0>, C4<0>, C4<0>;
L_0x56106c34b220 .functor AND 1, v0x56106c34aca0_0, L_0x56106c34b320, L_0x56106c34b920, C4<1>;
L_0x56106c34b320 .functor NOT 1, v0x56106c34ad40_0, C4<0>, C4<0>, C4<0>;
L_0x56106c34b3e0 .functor AND 1, L_0x56106c34b4f0, v0x56106c34ad40_0, v0x56106c34ae30_0, C4<1>;
L_0x56106c34b4f0 .functor NOT 1, v0x56106c34aca0_0, C4<0>, C4<0>, C4<0>;
L_0x56106c34b560 .functor AND 1, v0x56106c34aca0_0, v0x56106c34ad40_0, L_0x56106c34ba60, C4<1>;
L_0x56106c34b650 .functor OR 1, L_0x56106c34af70, L_0x56106c34b220, L_0x56106c34b3e0, L_0x56106c34b560;
v0x56106c345f40_0 .net *"_s0", 0 0, L_0x56106c34b0a0;  1 drivers
v0x56106c346040_0 .net *"_s2", 0 0, L_0x56106c34b160;  1 drivers
v0x56106c346120_0 .net *"_s4", 0 0, L_0x56106c34b320;  1 drivers
v0x56106c3461e0_0 .net *"_s6", 0 0, L_0x56106c34b4f0;  1 drivers
v0x56106c3462c0_0 .net "i0", 0 0, L_0x56106c34b830;  1 drivers
v0x56106c3463d0_0 .net "i1", 0 0, L_0x56106c34b920;  1 drivers
v0x56106c346490_0 .net "i2", 0 0, v0x56106c34ae30_0;  alias, 1 drivers
v0x56106c346550_0 .net "i3", 0 0, L_0x56106c34ba60;  1 drivers
v0x56106c346610_0 .net "out", 0 0, L_0x56106c34b650;  alias, 1 drivers
v0x56106c3466b0_0 .net "s0", 0 0, v0x56106c34aca0_0;  alias, 1 drivers
v0x56106c346750_0 .net "s1", 0 0, v0x56106c34ad40_0;  alias, 1 drivers
v0x56106c3467f0_0 .net "w0", 0 0, L_0x56106c34af70;  1 drivers
v0x56106c346890_0 .net "w1", 0 0, L_0x56106c34b220;  1 drivers
v0x56106c346950_0 .net "w2", 0 0, L_0x56106c34b3e0;  1 drivers
v0x56106c346a10_0 .net "w3", 0 0, L_0x56106c34b560;  1 drivers
S_0x56106c346bf0 .scope module, "mux1" "mux" 4 13, 6 1 0, S_0x56106c344240;
 .timescale 0 0;
    .port_info 0 /INPUT 1 "s0"
    .port_info 1 /INPUT 1 "s1"
    .port_info 2 /INPUT 1 "i0"
    .port_info 3 /INPUT 1 "i1"
    .port_info 4 /INPUT 1 "i2"
    .port_info 5 /INPUT 1 "i3"
    .port_info 6 /OUTPUT 1 "out"
L_0x56106c34bb50 .functor AND 1, L_0x56106c34bbc0, L_0x56106c34bc80, L_0x56106c34c5b0, C4<1>;
L_0x56106c34bbc0 .functor NOT 1, v0x56106c34aca0_0, C4<0>, C4<0>, C4<0>;
L_0x56106c34bc80 .functor NOT 1, v0x56106c34ad40_0, C4<0>, C4<0>, C4<0>;
L_0x56106c34bf50 .functor AND 1, v0x56106c34aca0_0, L_0x56106c34c020, L_0x56106c34c6d0, C4<1>;
L_0x56106c34c020 .functor NOT 1, v0x56106c34ad40_0, C4<0>, C4<0>, C4<0>;
L_0x56106c34c0e0 .functor AND 1, L_0x56106c34c220, v0x56106c34ad40_0, L_0x56106c34c850, C4<1>;
L_0x56106c34c220 .functor NOT 1, v0x56106c34aca0_0, C4<0>, C4<0>, C4<0>;
L_0x56106c34c2e0 .functor AND 1, v0x56106c34aca0_0, v0x56106c34ad40_0, L_0x56106c34c930, C4<1>;
L_0x56106c34c3d0 .functor OR 1, L_0x56106c34bb50, L_0x56106c34bf50, L_0x56106c34c0e0, L_0x56106c34c2e0;
v0x56106c346e20_0 .net *"_s0", 0 0, L_0x56106c34bbc0;  1 drivers
v0x56106c346f20_0 .net *"_s2", 0 0, L_0x56106c34bc80;  1 drivers
v0x56106c347000_0 .net *"_s4", 0 0, L_0x56106c34c020;  1 drivers
v0x56106c3470c0_0 .net *"_s6", 0 0, L_0x56106c34c220;  1 drivers
v0x56106c3471a0_0 .net "i0", 0 0, L_0x56106c34c5b0;  1 drivers
v0x56106c3472b0_0 .net "i1", 0 0, L_0x56106c34c6d0;  1 drivers
v0x56106c347370_0 .net "i2", 0 0, L_0x56106c34c850;  1 drivers
v0x56106c347430_0 .net "i3", 0 0, L_0x56106c34c930;  1 drivers
v0x56106c3474f0_0 .net "out", 0 0, L_0x56106c34c3d0;  alias, 1 drivers
v0x56106c347620_0 .net "s0", 0 0, v0x56106c34aca0_0;  alias, 1 drivers
v0x56106c3476c0_0 .net "s1", 0 0, v0x56106c34ad40_0;  alias, 1 drivers
v0x56106c347760_0 .net "w0", 0 0, L_0x56106c34bb50;  1 drivers
v0x56106c347800_0 .net "w1", 0 0, L_0x56106c34bf50;  1 drivers
v0x56106c3478c0_0 .net "w2", 0 0, L_0x56106c34c0e0;  1 drivers
v0x56106c347980_0 .net "w3", 0 0, L_0x56106c34c2e0;  1 drivers
S_0x56106c347b60 .scope module, "mux2" "mux" 4 14, 6 1 0, S_0x56106c344240;
 .timescale 0 0;
    .port_info 0 /INPUT 1 "s0"
    .port_info 1 /INPUT 1 "s1"
    .port_info 2 /INPUT 1 "i0"
    .port_info 3 /INPUT 1 "i1"
    .port_info 4 /INPUT 1 "i2"
    .port_info 5 /INPUT 1 "i3"
    .port_info 6 /OUTPUT 1 "out"
L_0x56106c34ca70 .functor AND 1, L_0x56106c34cae0, L_0x56106c34cba0, L_0x56106c34d200, C4<1>;
L_0x56106c34cae0 .functor NOT 1, v0x56106c34aca0_0, C4<0>, C4<0>, C4<0>;
L_0x56106c34cba0 .functor NOT 1, v0x56106c34ad40_0, C4<0>, C4<0>, C4<0>;
L_0x56106c34cc60 .functor AND 1, v0x56106c34aca0_0, L_0x56106c34ccd0, L_0x56106c34d340, C4<1>;
L_0x56106c34ccd0 .functor NOT 1, v0x56106c34ad40_0, C4<0>, C4<0>, C4<0>;
L_0x56106c34cd90 .functor AND 1, L_0x56106c34ce70, v0x56106c34ad40_0, L_0x56106c34d430, C4<1>;
L_0x56106c34ce70 .functor NOT 1, v0x56106c34aca0_0, C4<0>, C4<0>, C4<0>;
L_0x56106c34cf30 .functor AND 1, v0x56106c34aca0_0, v0x56106c34ad40_0, L_0x56106c34d580, C4<1>;
L_0x56106c34d020 .functor OR 1, L_0x56106c34ca70, L_0x56106c34cc60, L_0x56106c34cd90, L_0x56106c34cf30;
v0x56106c347d90_0 .net *"_s0", 0 0, L_0x56106c34cae0;  1 drivers
v0x56106c347e90_0 .net *"_s2", 0 0, L_0x56106c34cba0;  1 drivers
v0x56106c347f70_0 .net *"_s4", 0 0, L_0x56106c34ccd0;  1 drivers
v0x56106c348060_0 .net *"_s6", 0 0, L_0x56106c34ce70;  1 drivers
v0x56106c348140_0 .net "i0", 0 0, L_0x56106c34d200;  1 drivers
v0x56106c348250_0 .net "i1", 0 0, L_0x56106c34d340;  1 drivers
v0x56106c348310_0 .net "i2", 0 0, L_0x56106c34d430;  1 drivers
v0x56106c3483d0_0 .net "i3", 0 0, L_0x56106c34d580;  1 drivers
v0x56106c348490_0 .net "out", 0 0, L_0x56106c34d020;  alias, 1 drivers
v0x56106c3485c0_0 .net "s0", 0 0, v0x56106c34aca0_0;  alias, 1 drivers
v0x56106c348660_0 .net "s1", 0 0, v0x56106c34ad40_0;  alias, 1 drivers
v0x56106c348700_0 .net "w0", 0 0, L_0x56106c34ca70;  1 drivers
v0x56106c3487a0_0 .net "w1", 0 0, L_0x56106c34cc60;  1 drivers
v0x56106c348860_0 .net "w2", 0 0, L_0x56106c34cd90;  1 drivers
v0x56106c348920_0 .net "w3", 0 0, L_0x56106c34cf30;  1 drivers
S_0x56106c348b00 .scope module, "mux3" "mux" 4 15, 6 1 0, S_0x56106c344240;
 .timescale 0 0;
    .port_info 0 /INPUT 1 "s0"
    .port_info 1 /INPUT 1 "s1"
    .port_info 2 /INPUT 1 "i0"
    .port_info 3 /INPUT 1 "i1"
    .port_info 4 /INPUT 1 "i2"
    .port_info 5 /INPUT 1 "i3"
    .port_info 6 /OUTPUT 1 "out"
L_0x56106c34d620 .functor AND 1, L_0x56106c34d690, L_0x56106c34d750, L_0x56106c34de00, C4<1>;
L_0x56106c34d690 .functor NOT 1, v0x56106c34aca0_0, C4<0>, C4<0>, C4<0>;
L_0x56106c34d750 .functor NOT 1, v0x56106c34ad40_0, C4<0>, C4<0>, C4<0>;
L_0x56106c34d810 .functor AND 1, v0x56106c34aca0_0, L_0x56106c34d8d0, L_0x56106c34e300, C4<1>;
L_0x56106c34d8d0 .functor NOT 1, v0x56106c34ad40_0, C4<0>, C4<0>, C4<0>;
L_0x56106c34d990 .functor AND 1, L_0x56106c34da70, v0x56106c34ad40_0, L_0x56106c34df60, C4<1>;
L_0x56106c34da70 .functor NOT 1, v0x56106c34aca0_0, C4<0>, C4<0>, C4<0>;
L_0x56106c34db30 .functor AND 1, v0x56106c34aca0_0, v0x56106c34ad40_0, L_0x56106c34e050, C4<1>;
L_0x56106c34dc20 .functor OR 1, L_0x56106c34d620, L_0x56106c34d810, L_0x56106c34d990, L_0x56106c34db30;
v0x56106c348d30_0 .net *"_s0", 0 0, L_0x56106c34d690;  1 drivers
v0x56106c348e30_0 .net *"_s2", 0 0, L_0x56106c34d750;  1 drivers
v0x56106c348f10_0 .net *"_s4", 0 0, L_0x56106c34d8d0;  1 drivers
v0x56106c349000_0 .net *"_s6", 0 0, L_0x56106c34da70;  1 drivers
v0x56106c3490e0_0 .net "i0", 0 0, L_0x56106c34de00;  1 drivers
v0x56106c3491f0_0 .net "i1", 0 0, L_0x56106c34e300;  alias, 1 drivers
v0x56106c3492b0_0 .net "i2", 0 0, L_0x56106c34df60;  1 drivers
v0x56106c349370_0 .net "i3", 0 0, L_0x56106c34e050;  1 drivers
v0x56106c349430_0 .net "out", 0 0, L_0x56106c34dc20;  alias, 1 drivers
v0x56106c349560_0 .net "s0", 0 0, v0x56106c34aca0_0;  alias, 1 drivers
v0x56106c349600_0 .net "s1", 0 0, v0x56106c34ad40_0;  alias, 1 drivers
v0x56106c3497b0_0 .net "w0", 0 0, L_0x56106c34d620;  1 drivers
v0x56106c349850_0 .net "w1", 0 0, L_0x56106c34d810;  1 drivers
v0x56106c349910_0 .net "w2", 0 0, L_0x56106c34d990;  1 drivers
v0x56106c3499d0_0 .net "w3", 0 0, L_0x56106c34db30;  1 drivers
    .scope S_0x56106c344490;
T_0 ;
    %wait E_0x56106c2adcf0;
    %load/vec4 v0x56106c344770_0;
    %store/vec4 v0x56106c344830_0, 0, 1;
    %load/vec4 v0x56106c344770_0;
    %inv;
    %store/vec4 v0x56106c344900_0, 0, 1;
    %jmp T_0;
    .thread T_0;
    .scope S_0x56106c344a70;
T_1 ;
    %wait E_0x56106c2adcf0;
    %load/vec4 v0x56106c344d20_0;
    %store/vec4 v0x56106c344de0_0, 0, 1;
    %load/vec4 v0x56106c344d20_0;
    %inv;
    %store/vec4 v0x56106c344eb0_0, 0, 1;
    %jmp T_1;
    .thread T_1;
    .scope S_0x56106c345020;
T_2 ;
    %wait E_0x56106c2adcf0;
    %load/vec4 v0x56106c345330_0;
    %store/vec4 v0x56106c3453f0_0, 0, 1;
    %load/vec4 v0x56106c345330_0;
    %inv;
    %store/vec4 v0x56106c3454c0_0, 0, 1;
    %jmp T_2;
    .thread T_2;
    .scope S_0x56106c345630;
T_3 ;
    %wait E_0x56106c2adcf0;
    %load/vec4 v0x56106c345930_0;
    %store/vec4 v0x56106c3459f0_0, 0, 1;
    %load/vec4 v0x56106c345930_0;
    %inv;
    %store/vec4 v0x56106c345ac0_0, 0, 1;
    %jmp T_3;
    .thread T_3;
    .scope S_0x56106c322510;
T_4 ;
    %wait E_0x56106c2adcf0;
    %load/vec4 v0x56106c321630_0;
    %store/vec4 v0x56106c3206f0_0, 0, 1;
    %load/vec4 v0x56106c321630_0;
    %inv;
    %store/vec4 v0x56106c31f7b0_0, 0, 1;
    %jmp T_4;
    .thread T_4;
    .scope S_0x56106c33ea50;
T_5 ;
    %wait E_0x56106c2adcf0;
    %load/vec4 v0x56106c311fa0_0;
    %store/vec4 v0x56106c31f030_0, 0, 1;
    %load/vec4 v0x56106c311fa0_0;
    %inv;
    %store/vec4 v0x56106c33ecb0_0, 0, 1;
    %jmp T_5;
    .thread T_5;
    .scope S_0x56106c33ee20;
T_6 ;
    %wait E_0x56106c2adcf0;
    %load/vec4 v0x56106c33f180_0;
    %store/vec4 v0x56106c33f240_0, 0, 1;
    %load/vec4 v0x56106c33f180_0;
    %inv;
    %store/vec4 v0x56106c33f2e0_0, 0, 1;
    %jmp T_6;
    .thread T_6;
    .scope S_0x56106c33f450;
T_7 ;
    %wait E_0x56106c2adcf0;
    %load/vec4 v0x56106c33f750_0;
    %store/vec4 v0x56106c33f810_0, 0, 1;
    %load/vec4 v0x56106c33f750_0;
    %inv;
    %store/vec4 v0x56106c33f8e0_0, 0, 1;
    %jmp T_7;
    .thread T_7;
    .scope S_0x56106c3130c0;
T_8 ;
    %pushi/vec4 1, 0, 1;
    %store/vec4 v0x56106c34aa80_0, 0, 1;
    %end;
    .thread T_8;
    .scope S_0x56106c3130c0;
T_9 ;
    %delay 5, 0;
    %load/vec4 v0x56106c34aa80_0;
    %inv;
    %store/vec4 v0x56106c34aa80_0, 0, 1;
    %jmp T_9;
    .thread T_9;
    .scope S_0x56106c3130c0;
T_10 ;
    %pushi/vec4 255, 0, 8;
    %store/vec4 v0x56106c34ac00_0, 0, 8;
    %pushi/vec4 0, 0, 1;
    %store/vec4 v0x56106c34aed0_0, 0, 1;
    %pushi/vec4 0, 0, 1;
    %store/vec4 v0x56106c34ae30_0, 0, 1;
    %delay 5, 0;
    %pushi/vec4 1, 0, 1;
    %store/vec4 v0x56106c34aca0_0, 0, 1;
    %pushi/vec4 1, 0, 1;
    %store/vec4 v0x56106c34ad40_0, 0, 1;
    %delay 5, 0;
    %pushi/vec4 1, 0, 1;
    %store/vec4 v0x56106c34aca0_0, 0, 1;
    %delay 5, 0;
    %pushi/vec4 0, 0, 1;
    %store/vec4 v0x56106c34aca0_0, 0, 1;
    %pushi/vec4 1, 0, 1;
    %store/vec4 v0x56106c34ad40_0, 0, 1;
    %delay 25, 0;
    %pushi/vec4 0, 0, 1;
    %store/vec4 v0x56106c34aca0_0, 0, 1;
    %pushi/vec4 0, 0, 1;
    %store/vec4 v0x56106c34ad40_0, 0, 1;
    %delay 5, 0;
    %pushi/vec4 0, 0, 1;
    %store/vec4 v0x56106c34aca0_0, 0, 1;
    %pushi/vec4 1, 0, 1;
    %store/vec4 v0x56106c34ad40_0, 0, 1;
    %end;
    .thread T_10;
    .scope S_0x56106c3130c0;
T_11 ;
    %vpi_call 2 29 "$monitor", $time, "  out = %b", v0x56106c34ab40_0 {0 0 0};
    %vpi_call 2 31 "$dumpfile", "8bit_sr.vcd" {0 0 0};
    %vpi_call 2 32 "$dumpvars" {0 0 0};
    %delay 200, 0;
    %vpi_call 2 33 "$finish" {0 0 0};
    %end;
    .thread T_11;
# The file index is used to find the file name in the following table.
:file_names 7;
    "N/A";
    "<interactive>";
    "8bit_sr_tb.v";
    "./8bit_sr.v";
    "./4bit_sr.v";
    "./df_f.v";
    "./4_1mux.v";
