#! /usr/bin/vvp
:ivl_version "10.1 (stable)";
:ivl_delay_selection "TYPICAL";
:vpi_time_precision + 0;
:vpi_module "system";
:vpi_module "vhdl_sys";
:vpi_module "v2005_math";
:vpi_module "va_math";
S_0x563e34ae07d0 .scope module, "top" "top" 2 3;
 .timescale 0 0;
v0x563e34b38f20_0 .var "a", 15 0;
v0x563e34b39010_0 .var "b", 15 0;
v0x563e34b390e0_0 .net "sum", 15 0, L_0x563e34b4aa80;  1 drivers
S_0x563e34adc250 .scope module, "add" "adder_16" 2 8, 3 1 0, S_0x563e34ae07d0;
 .timescale 0 0;
    .port_info 0 /INPUT 16 "a"
    .port_info 1 /INPUT 16 "b"
    .port_info 2 /OUTPUT 16 "s"
L_0x563e34b46df0 .functor BUF 1, L_0x563e34b46e60, C4<0>, C4<0>, C4<0>;
L_0x563e34b46f50 .functor XOR 1, L_0x563e34b46fc0, L_0x563e34b3dd00, C4<0>, C4<0>;
L_0x563e34b471e0 .functor XOR 1, L_0x563e34b47250, L_0x563e34b47480, C4<0>, C4<0>;
L_0x563e34b47600 .functor XOR 1, L_0x563e34b47670, L_0x563e34b47860, C4<0>, C4<0>;
L_0x563e34b47950 .functor XOR 1, L_0x563e34b479c0, L_0x563e34b47c10, C4<0>, C4<0>;
L_0x563e34b47d00 .functor XOR 1, L_0x563e34b47db0, L_0x563e34b48010, C4<0>, C4<0>;
L_0x563e34b48100 .functor XOR 1, L_0x563e34b48170, L_0x563e34b487f0, C4<0>, C4<0>;
L_0x563e34b488e0 .functor XOR 1, L_0x563e34b489a0, L_0x563e34b48c20, C4<0>, C4<0>;
L_0x563e34b48d10 .functor XOR 1, L_0x563e34b48d80, L_0x563e34b49010, C4<0>, C4<0>;
L_0x563e34b49100 .functor XOR 1, L_0x563e34b491d0, L_0x563e34b49420, C4<0>, C4<0>;
L_0x563e34b49510 .functor XOR 1, L_0x563e34b49580, L_0x563e34b49830, C4<0>, C4<0>;
L_0x563e34b49920 .functor XOR 1, L_0x563e34b49a00, L_0x563e34b49cc0, C4<0>, C4<0>;
L_0x563e34b49db0 .functor XOR 1, L_0x563e34b49e20, L_0x563e34b4a0f0, C4<0>, C4<0>;
L_0x563e34b4a1e0 .functor XOR 1, L_0x563e34b4a2d0, L_0x563e34b4a5b0, C4<0>, C4<0>;
L_0x563e34b49990 .functor XOR 1, L_0x563e34b4a6a0, L_0x563e34b4a990, C4<0>, C4<0>;
L_0x563e34b4b230 .functor XOR 1, L_0x563e34b4b380, L_0x563e34b4b470, C4<0>, C4<0>;
v0x563e34b35f40_0 .net *"_s131", 0 0, L_0x563e34b46df0;  1 drivers
v0x563e34b36040_0 .net *"_s134", 0 0, L_0x563e34b46e60;  1 drivers
v0x563e34b36120_0 .net *"_s136", 0 0, L_0x563e34b46f50;  1 drivers
v0x563e34b361e0_0 .net *"_s139", 0 0, L_0x563e34b46fc0;  1 drivers
v0x563e34b362c0_0 .net *"_s141", 0 0, L_0x563e34b3dd00;  1 drivers
v0x563e34b363f0_0 .net *"_s143", 0 0, L_0x563e34b471e0;  1 drivers
v0x563e34b364d0_0 .net *"_s146", 0 0, L_0x563e34b47250;  1 drivers
v0x563e34b365b0_0 .net *"_s148", 0 0, L_0x563e34b47480;  1 drivers
v0x563e34b36690_0 .net *"_s150", 0 0, L_0x563e34b47600;  1 drivers
v0x563e34b36770_0 .net *"_s153", 0 0, L_0x563e34b47670;  1 drivers
v0x563e34b36850_0 .net *"_s155", 0 0, L_0x563e34b47860;  1 drivers
v0x563e34b36930_0 .net *"_s157", 0 0, L_0x563e34b47950;  1 drivers
v0x563e34b36a10_0 .net *"_s160", 0 0, L_0x563e34b479c0;  1 drivers
v0x563e34b36af0_0 .net *"_s162", 0 0, L_0x563e34b47c10;  1 drivers
v0x563e34b36bd0_0 .net *"_s164", 0 0, L_0x563e34b47d00;  1 drivers
v0x563e34b36cb0_0 .net *"_s167", 0 0, L_0x563e34b47db0;  1 drivers
v0x563e34b36d90_0 .net *"_s169", 0 0, L_0x563e34b48010;  1 drivers
v0x563e34b36f80_0 .net *"_s171", 0 0, L_0x563e34b48100;  1 drivers
v0x563e34b37060_0 .net *"_s174", 0 0, L_0x563e34b48170;  1 drivers
v0x563e34b37140_0 .net *"_s176", 0 0, L_0x563e34b487f0;  1 drivers
v0x563e34b37220_0 .net *"_s178", 0 0, L_0x563e34b488e0;  1 drivers
v0x563e34b37300_0 .net *"_s181", 0 0, L_0x563e34b489a0;  1 drivers
v0x563e34b373e0_0 .net *"_s183", 0 0, L_0x563e34b48c20;  1 drivers
v0x563e34b374c0_0 .net *"_s185", 0 0, L_0x563e34b48d10;  1 drivers
v0x563e34b375a0_0 .net *"_s188", 0 0, L_0x563e34b48d80;  1 drivers
v0x563e34b37680_0 .net *"_s190", 0 0, L_0x563e34b49010;  1 drivers
v0x563e34b37760_0 .net *"_s192", 0 0, L_0x563e34b49100;  1 drivers
v0x563e34b37840_0 .net *"_s195", 0 0, L_0x563e34b491d0;  1 drivers
v0x563e34b37920_0 .net *"_s197", 0 0, L_0x563e34b49420;  1 drivers
v0x563e34b37a00_0 .net *"_s199", 0 0, L_0x563e34b49510;  1 drivers
v0x563e34b37ae0_0 .net *"_s202", 0 0, L_0x563e34b49580;  1 drivers
v0x563e34b37bc0_0 .net *"_s204", 0 0, L_0x563e34b49830;  1 drivers
v0x563e34b37ca0_0 .net *"_s206", 0 0, L_0x563e34b49920;  1 drivers
v0x563e34b37d80_0 .net *"_s209", 0 0, L_0x563e34b49a00;  1 drivers
v0x563e34b37e60_0 .net *"_s211", 0 0, L_0x563e34b49cc0;  1 drivers
v0x563e34b37f40_0 .net *"_s213", 0 0, L_0x563e34b49db0;  1 drivers
v0x563e34b38020_0 .net *"_s216", 0 0, L_0x563e34b49e20;  1 drivers
v0x563e34b38100_0 .net *"_s218", 0 0, L_0x563e34b4a0f0;  1 drivers
v0x563e34b381e0_0 .net *"_s220", 0 0, L_0x563e34b4a1e0;  1 drivers
v0x563e34b382c0_0 .net *"_s223", 0 0, L_0x563e34b4a2d0;  1 drivers
v0x563e34b383a0_0 .net *"_s225", 0 0, L_0x563e34b4a5b0;  1 drivers
v0x563e34b38480_0 .net *"_s227", 0 0, L_0x563e34b49990;  1 drivers
v0x563e34b38560_0 .net *"_s230", 0 0, L_0x563e34b4a6a0;  1 drivers
v0x563e34b38640_0 .net *"_s232", 0 0, L_0x563e34b4a990;  1 drivers
v0x563e34b38720_0 .net *"_s234", 0 0, L_0x563e34b4b230;  1 drivers
v0x563e34b38800_0 .net *"_s238", 0 0, L_0x563e34b4b380;  1 drivers
v0x563e34b388e0_0 .net *"_s240", 0 0, L_0x563e34b4b470;  1 drivers
v0x563e34b389c0_0 .net "a", 15 0, v0x563e34b38f20_0;  1 drivers
v0x563e34b38aa0_0 .net "b", 15 0, v0x563e34b39010_0;  1 drivers
v0x563e34b38b80_0 .net "c", 15 0, L_0x563e34b44860;  1 drivers
v0x563e34b38c40_0 .net "g", 15 0, L_0x563e34b3d710;  1 drivers
v0x563e34b38d10_0 .net "p", 15 0, L_0x563e34b3d120;  1 drivers
v0x563e34b38de0_0 .net "s", 15 0, L_0x563e34b4aa80;  alias, 1 drivers
L_0x563e34b393d0 .part v0x563e34b38f20_0, 0, 1;
L_0x563e34b394c0 .part v0x563e34b39010_0, 0, 1;
L_0x563e34b39730 .part v0x563e34b38f20_0, 1, 1;
L_0x563e34b397d0 .part v0x563e34b39010_0, 1, 1;
L_0x563e34b39a80 .part v0x563e34b38f20_0, 2, 1;
L_0x563e34b39b20 .part v0x563e34b39010_0, 2, 1;
L_0x563e34b39da0 .part v0x563e34b38f20_0, 3, 1;
L_0x563e34b39e40 .part v0x563e34b39010_0, 3, 1;
L_0x563e34b3a110 .part v0x563e34b38f20_0, 4, 1;
L_0x563e34b3a1b0 .part v0x563e34b39010_0, 4, 1;
L_0x563e34b3a440 .part v0x563e34b38f20_0, 5, 1;
L_0x563e34b3a4e0 .part v0x563e34b39010_0, 5, 1;
L_0x563e34b3a7d0 .part v0x563e34b38f20_0, 6, 1;
L_0x563e34b3a870 .part v0x563e34b39010_0, 6, 1;
L_0x563e34b3ac10 .part v0x563e34b38f20_0, 7, 1;
L_0x563e34b3acb0 .part v0x563e34b39010_0, 7, 1;
L_0x563e34b3afc0 .part v0x563e34b38f20_0, 8, 1;
L_0x563e34b3b060 .part v0x563e34b39010_0, 8, 1;
L_0x563e34b3b380 .part v0x563e34b38f20_0, 9, 1;
L_0x563e34b3b420 .part v0x563e34b39010_0, 9, 1;
L_0x563e34b3b100 .part v0x563e34b38f20_0, 10, 1;
L_0x563e34b3b750 .part v0x563e34b39010_0, 10, 1;
L_0x563e34b3ba90 .part v0x563e34b38f20_0, 11, 1;
L_0x563e34b3bb30 .part v0x563e34b39010_0, 11, 1;
L_0x563e34b3be80 .part v0x563e34b38f20_0, 12, 1;
L_0x563e34b3bf20 .part v0x563e34b39010_0, 12, 1;
L_0x563e34b3c280 .part v0x563e34b38f20_0, 13, 1;
L_0x563e34b3c320 .part v0x563e34b39010_0, 13, 1;
L_0x563e34b3c690 .part v0x563e34b38f20_0, 14, 1;
L_0x563e34b3c940 .part v0x563e34b39010_0, 14, 1;
L_0x563e34b3ced0 .part v0x563e34b38f20_0, 15, 1;
L_0x563e34b3cf70 .part v0x563e34b39010_0, 15, 1;
LS_0x563e34b3d120_0_0 .concat8 [ 1 1 1 1], L_0x563e34b391e0, L_0x563e34b395b0, L_0x563e34b398a0, L_0x563e34b39c90;
LS_0x563e34b3d120_0_4 .concat8 [ 1 1 1 1], L_0x563e34b39f30, L_0x563e34b3a2b0, L_0x563e34b3a5f0, L_0x563e34b3a580;
LS_0x563e34b3d120_0_8 .concat8 [ 1 1 1 1], L_0x563e34b3ade0, L_0x563e34b3b1a0, L_0x563e34b3b570, L_0x563e34b3b8b0;
LS_0x563e34b3d120_0_12 .concat8 [ 1 1 1 1], L_0x563e34b3bca0, L_0x563e34b3c0a0, L_0x563e34b3c4b0, L_0x563e34b3ccf0;
L_0x563e34b3d120 .concat8 [ 4 4 4 4], LS_0x563e34b3d120_0_0, LS_0x563e34b3d120_0_4, LS_0x563e34b3d120_0_8, LS_0x563e34b3d120_0_12;
LS_0x563e34b3d710_0_0 .concat8 [ 1 1 1 1], L_0x563e34b392e0, L_0x563e34b39620, L_0x563e34b39940, L_0x563e34b39d00;
LS_0x563e34b3d710_0_4 .concat8 [ 1 1 1 1], L_0x563e34b39fd0, L_0x563e34b3a350, L_0x563e34b3a690, L_0x563e34b3aad0;
LS_0x563e34b3d710_0_8 .concat8 [ 1 1 1 1], L_0x563e34b3ae80, L_0x563e34b3b240, L_0x563e34b3b610, L_0x563e34b3b950;
LS_0x563e34b3d710_0_12 .concat8 [ 1 1 1 1], L_0x563e34b3bd40, L_0x563e34b3c140, L_0x563e34b3c550, L_0x563e34b3cd90;
L_0x563e34b3d710 .concat8 [ 4 4 4 4], LS_0x563e34b3d710_0_0, LS_0x563e34b3d710_0_4, LS_0x563e34b3d710_0_8, LS_0x563e34b3d710_0_12;
L_0x563e34b46e60 .part L_0x563e34b3d120, 0, 1;
L_0x563e34b46fc0 .part L_0x563e34b3d120, 1, 1;
L_0x563e34b3dd00 .part L_0x563e34b44860, 0, 1;
L_0x563e34b47250 .part L_0x563e34b3d120, 2, 1;
L_0x563e34b47480 .part L_0x563e34b44860, 1, 1;
L_0x563e34b47670 .part L_0x563e34b3d120, 3, 1;
L_0x563e34b47860 .part L_0x563e34b44860, 2, 1;
L_0x563e34b479c0 .part L_0x563e34b3d120, 4, 1;
L_0x563e34b47c10 .part L_0x563e34b44860, 3, 1;
L_0x563e34b47db0 .part L_0x563e34b3d120, 5, 1;
L_0x563e34b48010 .part L_0x563e34b44860, 4, 1;
L_0x563e34b48170 .part L_0x563e34b3d120, 6, 1;
L_0x563e34b487f0 .part L_0x563e34b44860, 5, 1;
L_0x563e34b489a0 .part L_0x563e34b3d120, 7, 1;
L_0x563e34b48c20 .part L_0x563e34b44860, 6, 1;
L_0x563e34b48d80 .part L_0x563e34b3d120, 8, 1;
L_0x563e34b49010 .part L_0x563e34b44860, 7, 1;
L_0x563e34b491d0 .part L_0x563e34b3d120, 9, 1;
L_0x563e34b49420 .part L_0x563e34b44860, 8, 1;
L_0x563e34b49580 .part L_0x563e34b3d120, 10, 1;
L_0x563e34b49830 .part L_0x563e34b44860, 9, 1;
L_0x563e34b49a00 .part L_0x563e34b3d120, 11, 1;
L_0x563e34b49cc0 .part L_0x563e34b44860, 10, 1;
L_0x563e34b49e20 .part L_0x563e34b3d120, 12, 1;
L_0x563e34b4a0f0 .part L_0x563e34b44860, 11, 1;
L_0x563e34b4a2d0 .part L_0x563e34b3d120, 13, 1;
L_0x563e34b4a5b0 .part L_0x563e34b44860, 12, 1;
L_0x563e34b4a6a0 .part L_0x563e34b3d120, 14, 1;
L_0x563e34b4a990 .part L_0x563e34b44860, 13, 1;
LS_0x563e34b4aa80_0_0 .concat8 [ 1 1 1 1], L_0x563e34b46df0, L_0x563e34b46f50, L_0x563e34b471e0, L_0x563e34b47600;
LS_0x563e34b4aa80_0_4 .concat8 [ 1 1 1 1], L_0x563e34b47950, L_0x563e34b47d00, L_0x563e34b48100, L_0x563e34b488e0;
LS_0x563e34b4aa80_0_8 .concat8 [ 1 1 1 1], L_0x563e34b48d10, L_0x563e34b49100, L_0x563e34b49510, L_0x563e34b49920;
LS_0x563e34b4aa80_0_12 .concat8 [ 1 1 1 1], L_0x563e34b49db0, L_0x563e34b4a1e0, L_0x563e34b49990, L_0x563e34b4b230;
L_0x563e34b4aa80 .concat8 [ 4 4 4 4], LS_0x563e34b4aa80_0_0, LS_0x563e34b4aa80_0_4, LS_0x563e34b4aa80_0_8, LS_0x563e34b4aa80_0_12;
L_0x563e34b4b380 .part L_0x563e34b3d120, 15, 1;
L_0x563e34b4b470 .part L_0x563e34b44860, 14, 1;
S_0x563e34ae0250 .scope module, "c_gen" "han_carlson" 3 21, 3 40 0, S_0x563e34adc250;
 .timescale 0 0;
    .port_info 0 /INPUT 16 "p"
    .port_info 1 /INPUT 16 "g"
    .port_info 2 /OUTPUT 16 "c"
L_0x563e34b413e0 .functor BUF 1, L_0x563e34b40f50, C4<0>, C4<0>, C4<0>;
L_0x563e34b41450 .functor BUF 1, L_0x563e34b414c0, C4<0>, C4<0>, C4<0>;
L_0x563e34b416c0 .functor BUF 1, L_0x563e34b41730, C4<0>, C4<0>, C4<0>;
L_0x563e34b41820 .functor BUF 1, L_0x563e34b418e0, C4<0>, C4<0>, C4<0>;
L_0x563e34b41af0 .functor BUF 1, L_0x563e34b41bb0, C4<0>, C4<0>, C4<0>;
L_0x563e34b41ca0 .functor BUF 1, L_0x563e34b41da0, C4<0>, C4<0>, C4<0>;
L_0x563e34b419d0 .functor BUF 1, L_0x563e34b41fc0, C4<0>, C4<0>, C4<0>;
L_0x563e34b42060 .functor BUF 1, L_0x563e34b42170, C4<0>, C4<0>, C4<0>;
L_0x563e34b423a0 .functor BUF 1, L_0x563e34b42460, C4<0>, C4<0>, C4<0>;
L_0x563e34b42550 .functor BUF 1, L_0x563e34b42670, C4<0>, C4<0>, C4<0>;
L_0x563e34b42860 .functor BUF 1, L_0x563e34b42920, C4<0>, C4<0>, C4<0>;
L_0x563e34b42a10 .functor BUF 1, L_0x563e34b42b40, C4<0>, C4<0>, C4<0>;
L_0x563e34b42d90 .functor BUF 1, L_0x563e34b42e50, C4<0>, C4<0>, C4<0>;
L_0x563e34b42f40 .functor BUF 1, L_0x563e34b43080, C4<0>, C4<0>, C4<0>;
L_0x563e34b42ad0 .functor BUF 1, L_0x563e34b43330, C4<0>, C4<0>, C4<0>;
L_0x563e34b43420 .functor BUF 1, L_0x563e34b43570, C4<0>, C4<0>, C4<0>;
L_0x563e34b437e0 .functor BUF 1, L_0x563e34b438a0, C4<0>, C4<0>, C4<0>;
L_0x563e34b447f0 .functor BUF 1, L_0x563e34b44780, C4<0>, C4<0>, C4<0>;
L_0x563e34b450d0 .functor BUF 1, L_0x563e34b44fd0, C4<0>, C4<0>, C4<0>;
L_0x563e34b452b0 .functor BUF 1, L_0x563e34b451b0, C4<0>, C4<0>, C4<0>;
L_0x563e34b455d0 .functor BUF 1, L_0x563e34b454d0, C4<0>, C4<0>, C4<0>;
L_0x563e34b45840 .functor BUF 1, L_0x563e34b45740, C4<0>, C4<0>, C4<0>;
L_0x563e34b45b70 .functor BUF 1, L_0x563e34b45b00, C4<0>, C4<0>, C4<0>;
L_0x563e34b45e70 .functor BUF 1, L_0x563e34b45d70, C4<0>, C4<0>, C4<0>;
L_0x563e34b46ce0 .functor BUF 1, L_0x563e34b416c0, C4<0>, C4<0>, C4<0>;
v0x563e34b2b8a0_0 .net *"_s100", 0 0, L_0x563e34b42e50;  1 drivers
v0x563e34b2b9a0_0 .net *"_s103", 0 0, L_0x563e34b43080;  1 drivers
v0x563e34b2ba80_0 .net *"_s106", 0 0, L_0x563e34b43330;  1 drivers
v0x563e34b2bb40_0 .net *"_s109", 0 0, L_0x563e34b43570;  1 drivers
v0x563e34b2bc20_0 .net *"_s112", 0 0, L_0x563e34b438a0;  1 drivers
v0x563e34b2bd50_0 .net *"_s114", 0 0, L_0x563e34b447f0;  1 drivers
v0x563e34b2be30_0 .net *"_s117", 0 0, L_0x563e34b450d0;  1 drivers
v0x563e34b2bf10_0 .net *"_s120", 0 0, L_0x563e34b452b0;  1 drivers
v0x563e34b2bff0_0 .net *"_s123", 0 0, L_0x563e34b455d0;  1 drivers
v0x563e34b2c0d0_0 .net *"_s126", 0 0, L_0x563e34b45840;  1 drivers
v0x563e34b2c1b0_0 .net *"_s129", 0 0, L_0x563e34b45b70;  1 drivers
v0x563e34b2c290_0 .net *"_s132", 0 0, L_0x563e34b45e70;  1 drivers
v0x563e34b2c370_0 .net *"_s149", 0 0, L_0x563e34b46ce0;  1 drivers
v0x563e34b2c450_0 .net *"_s63", 0 0, L_0x563e34b413e0;  1 drivers
v0x563e34b2c530_0 .net *"_s67", 0 0, L_0x563e34b414c0;  1 drivers
v0x563e34b2c610_0 .net *"_s70", 0 0, L_0x563e34b41730;  1 drivers
v0x563e34b2c6f0_0 .net *"_s73", 0 0, L_0x563e34b418e0;  1 drivers
v0x563e34b2c7d0_0 .net *"_s76", 0 0, L_0x563e34b41bb0;  1 drivers
v0x563e34b2c8b0_0 .net *"_s79", 0 0, L_0x563e34b41da0;  1 drivers
v0x563e34b2c990_0 .net *"_s82", 0 0, L_0x563e34b41fc0;  1 drivers
v0x563e34b2ca70_0 .net *"_s85", 0 0, L_0x563e34b42170;  1 drivers
v0x563e34b2cb50_0 .net *"_s88", 0 0, L_0x563e34b42460;  1 drivers
v0x563e34b2cc30_0 .net *"_s91", 0 0, L_0x563e34b42670;  1 drivers
v0x563e34b2cd10_0 .net *"_s94", 0 0, L_0x563e34b42920;  1 drivers
v0x563e34b2cdf0_0 .net *"_s97", 0 0, L_0x563e34b42b40;  1 drivers
v0x563e34b2ced0_0 .net "c", 15 0, L_0x563e34b44860;  alias, 1 drivers
v0x563e34b2cfb0_0 .net "g", 15 0, L_0x563e34b3d710;  alias, 1 drivers
v0x563e34b2d090_0 .net "g0_0", 0 0, L_0x563e34b416c0;  1 drivers
v0x563e34b2d150_0 .net "g10_10", 0 0, L_0x563e34b42d90;  1 drivers
v0x563e34b2d1f0_0 .net "g11_0", 0 0, L_0x563e34b45b00;  1 drivers
v0x563e34b2d290_0 .net "g11_10", 0 0, L_0x563e34b3eb50;  1 drivers
v0x563e34b2d330_0 .net "g11_4", 0 0, L_0x563e34b44da0;  1 drivers
v0x563e34b2d420_0 .net "g11_8", 0 0, L_0x563e34b43ec0;  1 drivers
v0x563e34b2d4c0_0 .net "g12_12", 0 0, L_0x563e34b42ad0;  1 drivers
v0x563e34b2d560_0 .net "g13_0", 0 0, L_0x563e34b45740;  1 drivers
v0x563e34b2d650_0 .net "g13_10", 0 0, L_0x563e34b43ce0;  1 drivers
v0x563e34b2d740_0 .net "g13_12", 0 0, L_0x563e34b3e530;  1 drivers
v0x563e34b2d7e0_0 .net "g13_6", 0 0, L_0x563e34b44bc0;  1 drivers
v0x563e34b2d8d0_0 .net "g14_14", 0 0, L_0x563e34b437e0;  1 drivers
v0x563e34b2d970_0 .net "g15_0", 0 0, L_0x563e34b454d0;  1 drivers
v0x563e34b2da10_0 .net "g15_12", 0 0, L_0x563e34b43b00;  1 drivers
v0x563e34b2db00_0 .net "g15_14", 0 0, L_0x563e34b3df50;  1 drivers
v0x563e34b2dbf0_0 .net "g15_8", 0 0, L_0x563e34b449e0;  1 drivers
v0x563e34b2dce0_0 .net "g1_0", 0 0, L_0x563e34b40f50;  1 drivers
v0x563e34b2dd80_0 .net "g2_2", 0 0, L_0x563e34b41af0;  1 drivers
v0x563e34b2de20_0 .net "g3_0", 0 0, L_0x563e34b44780;  1 drivers
v0x563e34b2dec0_0 .net "g3_2", 0 0, L_0x563e34b40480;  1 drivers
v0x563e34b2df60_0 .net "g4_4", 0 0, L_0x563e34b419d0;  1 drivers
v0x563e34b2e000_0 .net "g5_0", 0 0, L_0x563e34b451b0;  1 drivers
v0x563e34b2e0a0_0 .net "g5_2", 0 0, L_0x563e34b44610;  1 drivers
v0x563e34b2e140_0 .net "g5_4", 0 0, L_0x563e34b3fdb0;  1 drivers
v0x563e34b2e1e0_0 .net "g6_6", 0 0, L_0x563e34b423a0;  1 drivers
v0x563e34b2e280_0 .net "g7_0", 0 0, L_0x563e34b44fd0;  1 drivers
v0x563e34b2e320_0 .net "g7_4", 0 0, L_0x563e34b443a0;  1 drivers
v0x563e34b2e3c0_0 .net "g7_6", 0 0, L_0x563e34b3f710;  1 drivers
v0x563e34b2e460_0 .net "g8_8", 0 0, L_0x563e34b42860;  1 drivers
v0x563e34b2e500_0 .net "g9_0", 0 0, L_0x563e34b45d70;  1 drivers
v0x563e34b2e5a0_0 .net "g9_2", 0 0, L_0x563e34b44ef0;  1 drivers
v0x563e34b2e690_0 .net "g9_6", 0 0, L_0x563e34b44130;  1 drivers
v0x563e34b2e730_0 .net "g9_8", 0 0, L_0x563e34b3f120;  1 drivers
v0x563e34b2e7d0_0 .net "p", 15 0, L_0x563e34b3d120;  alias, 1 drivers
v0x563e34b2e870_0 .net "p0_0", 0 0, L_0x563e34b41450;  1 drivers
v0x563e34b2e910_0 .net "p10_10", 0 0, L_0x563e34b42a10;  1 drivers
v0x563e34b2e9b0_0 .net "p11_10", 0 0, L_0x563e34b3e9e0;  1 drivers
v0x563e34b2ea50_0 .net "p11_4", 0 0, L_0x563e34b44cc0;  1 drivers
v0x563e34b2ef50_0 .net "p11_8", 0 0, L_0x563e34b43d50;  1 drivers
v0x563e34b2eff0_0 .net "p12_12", 0 0, L_0x563e34b42f40;  1 drivers
v0x563e34b2f090_0 .net "p13_10", 0 0, L_0x563e34b43c00;  1 drivers
v0x563e34b2f180_0 .net "p13_12", 0 0, L_0x563e34b3e3c0;  1 drivers
v0x563e34b2f220_0 .net "p13_6", 0 0, L_0x563e34b44a50;  1 drivers
v0x563e34b2f310_0 .net "p14_14", 0 0, L_0x563e34b43420;  1 drivers
v0x563e34b2f3b0_0 .net "p15_12", 0 0, L_0x563e34b43990;  1 drivers
v0x563e34b2f4a0_0 .net "p15_14", 0 0, L_0x563e34b3de20;  1 drivers
v0x563e34b2f590_0 .net "p15_8", 0 0, L_0x563e34b44900;  1 drivers
v0x563e34b2f680_0 .net "p2_2", 0 0, L_0x563e34b41820;  1 drivers
v0x563e34b2f720_0 .net "p3_2", 0 0, L_0x563e34b40310;  1 drivers
v0x563e34b2f7c0_0 .net "p4_4", 0 0, L_0x563e34b41ca0;  1 drivers
v0x563e34b2f860_0 .net "p5_2", 0 0, L_0x563e34b444a0;  1 drivers
v0x563e34b2f900_0 .net "p5_4", 0 0, L_0x563e34b3fcd0;  1 drivers
v0x563e34b2f9a0_0 .net "p6_6", 0 0, L_0x563e34b42060;  1 drivers
v0x563e34b2fa40_0 .net "p7_4", 0 0, L_0x563e34b44230;  1 drivers
v0x563e34b2fae0_0 .net "p7_6", 0 0, L_0x563e34b3efd0;  1 drivers
v0x563e34b2fb80_0 .net "p8_8", 0 0, L_0x563e34b42550;  1 drivers
v0x563e34b2fc20_0 .net "p9_2", 0 0, L_0x563e34b44e10;  1 drivers
v0x563e34b2fd10_0 .net "p9_6", 0 0, L_0x563e34b43fc0;  1 drivers
v0x563e34b2fdb0_0 .net "p9_8", 0 0, L_0x563e34b3f040;  1 drivers
L_0x563e34b3e010 .part L_0x563e34b3d120, 15, 1;
L_0x563e34b3e0b0 .part L_0x563e34b3d710, 15, 1;
L_0x563e34b3e1a0 .part L_0x563e34b3d120, 14, 1;
L_0x563e34b3e290 .part L_0x563e34b3d710, 14, 1;
L_0x563e34b3e630 .part L_0x563e34b3d120, 13, 1;
L_0x563e34b3e6d0 .part L_0x563e34b3d710, 13, 1;
L_0x563e34b3e7b0 .part L_0x563e34b3d120, 12, 1;
L_0x563e34b3e8a0 .part L_0x563e34b3d710, 12, 1;
L_0x563e34b3ec50 .part L_0x563e34b3d120, 11, 1;
L_0x563e34b3ecf0 .part L_0x563e34b3d710, 11, 1;
L_0x563e34b3ee40 .part L_0x563e34b3d120, 10, 1;
L_0x563e34b3eee0 .part L_0x563e34b3d710, 10, 1;
L_0x563e34b3f190 .part L_0x563e34b3d120, 9, 1;
L_0x563e34b3f230 .part L_0x563e34b3d710, 9, 1;
L_0x563e34b3f3a0 .part L_0x563e34b3d120, 8, 1;
L_0x563e34b3f490 .part L_0x563e34b3d710, 8, 1;
L_0x563e34b3f810 .part L_0x563e34b3d120, 7, 1;
L_0x563e34b3f8b0 .part L_0x563e34b3d710, 7, 1;
L_0x563e34b3fa40 .part L_0x563e34b3d120, 6, 1;
L_0x563e34b3fb30 .part L_0x563e34b3d710, 6, 1;
L_0x563e34b3f9a0 .part L_0x563e34b3d120, 5, 1;
L_0x563e34b3feb0 .part L_0x563e34b3d710, 5, 1;
L_0x563e34b40060 .part L_0x563e34b3d120, 4, 1;
L_0x563e34b40150 .part L_0x563e34b3d710, 4, 1;
L_0x563e34b40580 .part L_0x563e34b3d120, 3, 1;
L_0x563e34b40620 .part L_0x563e34b3d710, 3, 1;
L_0x563e34b407f0 .part L_0x563e34b3d120, 2, 1;
L_0x563e34b40af0 .part L_0x563e34b3d710, 2, 1;
L_0x563e34b41010 .part L_0x563e34b3d120, 1, 1;
L_0x563e34b41100 .part L_0x563e34b3d710, 1, 1;
L_0x563e34b412f0 .part L_0x563e34b3d710, 0, 1;
L_0x563e34b414c0 .part L_0x563e34b3d120, 0, 1;
L_0x563e34b41730 .part L_0x563e34b3d710, 0, 1;
L_0x563e34b418e0 .part L_0x563e34b3d120, 2, 1;
L_0x563e34b41bb0 .part L_0x563e34b3d710, 2, 1;
L_0x563e34b41da0 .part L_0x563e34b3d120, 4, 1;
L_0x563e34b41fc0 .part L_0x563e34b3d710, 4, 1;
L_0x563e34b42170 .part L_0x563e34b3d120, 6, 1;
L_0x563e34b42460 .part L_0x563e34b3d710, 6, 1;
L_0x563e34b42670 .part L_0x563e34b3d120, 8, 1;
L_0x563e34b42920 .part L_0x563e34b3d710, 8, 1;
L_0x563e34b42b40 .part L_0x563e34b3d120, 10, 1;
L_0x563e34b42e50 .part L_0x563e34b3d710, 10, 1;
L_0x563e34b43080 .part L_0x563e34b3d120, 12, 1;
L_0x563e34b43330 .part L_0x563e34b3d710, 12, 1;
L_0x563e34b43570 .part L_0x563e34b3d120, 14, 1;
L_0x563e34b438a0 .part L_0x563e34b3d710, 14, 1;
LS_0x563e34b44860_0_0 .concat8 [ 1 1 1 1], L_0x563e34b46ce0, L_0x563e34b413e0, L_0x563e34b460b0, L_0x563e34b447f0;
LS_0x563e34b44860_0_4 .concat8 [ 1 1 1 1], L_0x563e34b46190, L_0x563e34b452b0, L_0x563e34b46270, L_0x563e34b450d0;
LS_0x563e34b44860_0_8 .concat8 [ 1 1 1 1], L_0x563e34b46350, L_0x563e34b45e70, L_0x563e34b46430, L_0x563e34b45b70;
LS_0x563e34b44860_0_12 .concat8 [ 1 1 1 1], L_0x563e34b46510, L_0x563e34b45840, L_0x563e34b465f0, L_0x563e34b455d0;
L_0x563e34b44860 .concat8 [ 4 4 4 4], LS_0x563e34b44860_0_0, LS_0x563e34b44860_0_4, LS_0x563e34b44860_0_8, LS_0x563e34b44860_0_12;
S_0x563e34adf0f0 .scope module, "b11" "black" 3 44, 3 122 0, S_0x563e34ae0250;
 .timescale 0 0;
    .port_info 0 /INPUT 1 "p1"
    .port_info 1 /INPUT 1 "g1"
    .port_info 2 /INPUT 1 "p2"
    .port_info 3 /INPUT 1 "g2"
    .port_info 4 /OUTPUT 1 "p"
    .port_info 5 /OUTPUT 1 "g"
L_0x563e34b3de20 .functor AND 1, L_0x563e34b3e010, L_0x563e34b3e1a0, C4<1>, C4<1>;
L_0x563e34b3de90 .functor AND 1, L_0x563e34b3e010, L_0x563e34b3e290, C4<1>, C4<1>;
L_0x563e34b3df50 .functor OR 1, L_0x563e34b3de90, L_0x563e34b3e0b0, C4<0>, C4<0>;
v0x563e34afd300_0 .net "g", 0 0, L_0x563e34b3df50;  alias, 1 drivers
v0x563e34afc780_0 .net "g1", 0 0, L_0x563e34b3e0b0;  1 drivers
v0x563e34afaca0_0 .net "g2", 0 0, L_0x563e34b3e290;  1 drivers
v0x563e34af8b60_0 .net "p", 0 0, L_0x563e34b3de20;  alias, 1 drivers
v0x563e34af7d90_0 .net "p1", 0 0, L_0x563e34b3e010;  1 drivers
v0x563e34b1c280_0 .net "p2", 0 0, L_0x563e34b3e1a0;  1 drivers
v0x563e34b1c340_0 .net "w", 0 0, L_0x563e34b3de90;  1 drivers
S_0x563e34b1c4c0 .scope module, "b12" "black" 3 45, 3 122 0, S_0x563e34ae0250;
 .timescale 0 0;
    .port_info 0 /INPUT 1 "p1"
    .port_info 1 /INPUT 1 "g1"
    .port_info 2 /INPUT 1 "p2"
    .port_info 3 /INPUT 1 "g2"
    .port_info 4 /OUTPUT 1 "p"
    .port_info 5 /OUTPUT 1 "g"
L_0x563e34b3e3c0 .functor AND 1, L_0x563e34b3e630, L_0x563e34b3e7b0, C4<1>, C4<1>;
L_0x563e34b3e4c0 .functor AND 1, L_0x563e34b3e630, L_0x563e34b3e8a0, C4<1>, C4<1>;
L_0x563e34b3e530 .functor OR 1, L_0x563e34b3e4c0, L_0x563e34b3e6d0, C4<0>, C4<0>;
v0x563e34b1c750_0 .net "g", 0 0, L_0x563e34b3e530;  alias, 1 drivers
v0x563e34b1c810_0 .net "g1", 0 0, L_0x563e34b3e6d0;  1 drivers
v0x563e34b1c8d0_0 .net "g2", 0 0, L_0x563e34b3e8a0;  1 drivers
v0x563e34b1c970_0 .net "p", 0 0, L_0x563e34b3e3c0;  alias, 1 drivers
v0x563e34b1ca30_0 .net "p1", 0 0, L_0x563e34b3e630;  1 drivers
v0x563e34b1cb40_0 .net "p2", 0 0, L_0x563e34b3e7b0;  1 drivers
v0x563e34b1cc00_0 .net "w", 0 0, L_0x563e34b3e4c0;  1 drivers
S_0x563e34b1cd80 .scope module, "b13" "black" 3 46, 3 122 0, S_0x563e34ae0250;
 .timescale 0 0;
    .port_info 0 /INPUT 1 "p1"
    .port_info 1 /INPUT 1 "g1"
    .port_info 2 /INPUT 1 "p2"
    .port_info 3 /INPUT 1 "g2"
    .port_info 4 /OUTPUT 1 "p"
    .port_info 5 /OUTPUT 1 "g"
L_0x563e34b3e9e0 .functor AND 1, L_0x563e34b3ec50, L_0x563e34b3ee40, C4<1>, C4<1>;
L_0x563e34b3eae0 .functor AND 1, L_0x563e34b3ec50, L_0x563e34b3eee0, C4<1>, C4<1>;
L_0x563e34b3eb50 .functor OR 1, L_0x563e34b3eae0, L_0x563e34b3ecf0, C4<0>, C4<0>;
v0x563e34b1cff0_0 .net "g", 0 0, L_0x563e34b3eb50;  alias, 1 drivers
v0x563e34b1d0b0_0 .net "g1", 0 0, L_0x563e34b3ecf0;  1 drivers
v0x563e34b1d170_0 .net "g2", 0 0, L_0x563e34b3eee0;  1 drivers
v0x563e34b1d210_0 .net "p", 0 0, L_0x563e34b3e9e0;  alias, 1 drivers
v0x563e34b1d2d0_0 .net "p1", 0 0, L_0x563e34b3ec50;  1 drivers
v0x563e34b1d3e0_0 .net "p2", 0 0, L_0x563e34b3ee40;  1 drivers
v0x563e34b1d4a0_0 .net "w", 0 0, L_0x563e34b3eae0;  1 drivers
S_0x563e34b1d620 .scope module, "b14" "black" 3 47, 3 122 0, S_0x563e34ae0250;
 .timescale 0 0;
    .port_info 0 /INPUT 1 "p1"
    .port_info 1 /INPUT 1 "g1"
    .port_info 2 /INPUT 1 "p2"
    .port_info 3 /INPUT 1 "g2"
    .port_info 4 /OUTPUT 1 "p"
    .port_info 5 /OUTPUT 1 "g"
L_0x563e34b3f040 .functor AND 1, L_0x563e34b3f190, L_0x563e34b3f3a0, C4<1>, C4<1>;
L_0x563e34b3f0b0 .functor AND 1, L_0x563e34b3f190, L_0x563e34b3f490, C4<1>, C4<1>;
L_0x563e34b3f120 .functor OR 1, L_0x563e34b3f0b0, L_0x563e34b3f230, C4<0>, C4<0>;
v0x563e34b1d890_0 .net "g", 0 0, L_0x563e34b3f120;  alias, 1 drivers
v0x563e34b1d970_0 .net "g1", 0 0, L_0x563e34b3f230;  1 drivers
v0x563e34b1da30_0 .net "g2", 0 0, L_0x563e34b3f490;  1 drivers
v0x563e34b1dad0_0 .net "p", 0 0, L_0x563e34b3f040;  alias, 1 drivers
v0x563e34b1db90_0 .net "p1", 0 0, L_0x563e34b3f190;  1 drivers
v0x563e34b1dca0_0 .net "p2", 0 0, L_0x563e34b3f3a0;  1 drivers
v0x563e34b1dd60_0 .net "w", 0 0, L_0x563e34b3f0b0;  1 drivers
S_0x563e34b1dee0 .scope module, "b15" "black" 3 48, 3 122 0, S_0x563e34ae0250;
 .timescale 0 0;
    .port_info 0 /INPUT 1 "p1"
    .port_info 1 /INPUT 1 "g1"
    .port_info 2 /INPUT 1 "p2"
    .port_info 3 /INPUT 1 "g2"
    .port_info 4 /OUTPUT 1 "p"
    .port_info 5 /OUTPUT 1 "g"
L_0x563e34b3efd0 .functor AND 1, L_0x563e34b3f810, L_0x563e34b3fa40, C4<1>, C4<1>;
L_0x563e34b3f6a0 .functor AND 1, L_0x563e34b3f810, L_0x563e34b3fb30, C4<1>, C4<1>;
L_0x563e34b3f710 .functor OR 1, L_0x563e34b3f6a0, L_0x563e34b3f8b0, C4<0>, C4<0>;
v0x563e34b1e1a0_0 .net "g", 0 0, L_0x563e34b3f710;  alias, 1 drivers
v0x563e34b1e280_0 .net "g1", 0 0, L_0x563e34b3f8b0;  1 drivers
v0x563e34b1e340_0 .net "g2", 0 0, L_0x563e34b3fb30;  1 drivers
v0x563e34b1e3e0_0 .net "p", 0 0, L_0x563e34b3efd0;  alias, 1 drivers
v0x563e34b1e4a0_0 .net "p1", 0 0, L_0x563e34b3f810;  1 drivers
v0x563e34b1e5b0_0 .net "p2", 0 0, L_0x563e34b3fa40;  1 drivers
v0x563e34b1e670_0 .net "w", 0 0, L_0x563e34b3f6a0;  1 drivers
S_0x563e34b1e7f0 .scope module, "b16" "black" 3 49, 3 122 0, S_0x563e34ae0250;
 .timescale 0 0;
    .port_info 0 /INPUT 1 "p1"
    .port_info 1 /INPUT 1 "g1"
    .port_info 2 /INPUT 1 "p2"
    .port_info 3 /INPUT 1 "g2"
    .port_info 4 /OUTPUT 1 "p"
    .port_info 5 /OUTPUT 1 "g"
L_0x563e34b3fcd0 .functor AND 1, L_0x563e34b3f9a0, L_0x563e34b40060, C4<1>, C4<1>;
L_0x563e34b3fd40 .functor AND 1, L_0x563e34b3f9a0, L_0x563e34b40150, C4<1>, C4<1>;
L_0x563e34b3fdb0 .functor OR 1, L_0x563e34b3fd40, L_0x563e34b3feb0, C4<0>, C4<0>;
v0x563e34b1ea60_0 .net "g", 0 0, L_0x563e34b3fdb0;  alias, 1 drivers
v0x563e34b1eb40_0 .net "g1", 0 0, L_0x563e34b3feb0;  1 drivers
v0x563e34b1ec00_0 .net "g2", 0 0, L_0x563e34b40150;  1 drivers
v0x563e34b1eca0_0 .net "p", 0 0, L_0x563e34b3fcd0;  alias, 1 drivers
v0x563e34b1ed60_0 .net "p1", 0 0, L_0x563e34b3f9a0;  1 drivers
v0x563e34b1ee70_0 .net "p2", 0 0, L_0x563e34b40060;  1 drivers
v0x563e34b1ef30_0 .net "w", 0 0, L_0x563e34b3fd40;  1 drivers
S_0x563e34b1f0f0 .scope module, "b17" "black" 3 50, 3 122 0, S_0x563e34ae0250;
 .timescale 0 0;
    .port_info 0 /INPUT 1 "p1"
    .port_info 1 /INPUT 1 "g1"
    .port_info 2 /INPUT 1 "p2"
    .port_info 3 /INPUT 1 "g2"
    .port_info 4 /OUTPUT 1 "p"
    .port_info 5 /OUTPUT 1 "g"
L_0x563e34b40310 .functor AND 1, L_0x563e34b40580, L_0x563e34b407f0, C4<1>, C4<1>;
L_0x563e34b40410 .functor AND 1, L_0x563e34b40580, L_0x563e34b40af0, C4<1>, C4<1>;
L_0x563e34b40480 .functor OR 1, L_0x563e34b40410, L_0x563e34b40620, C4<0>, C4<0>;
v0x563e34b1f360_0 .net "g", 0 0, L_0x563e34b40480;  alias, 1 drivers
v0x563e34b1f440_0 .net "g1", 0 0, L_0x563e34b40620;  1 drivers
v0x563e34b1f500_0 .net "g2", 0 0, L_0x563e34b40af0;  1 drivers
v0x563e34b1f5a0_0 .net "p", 0 0, L_0x563e34b40310;  alias, 1 drivers
v0x563e34b1f660_0 .net "p1", 0 0, L_0x563e34b40580;  1 drivers
v0x563e34b1f770_0 .net "p2", 0 0, L_0x563e34b407f0;  1 drivers
v0x563e34b1f830_0 .net "w", 0 0, L_0x563e34b40410;  1 drivers
S_0x563e34b1f9f0 .scope module, "b21" "black" 3 70, 3 122 0, S_0x563e34ae0250;
 .timescale 0 0;
    .port_info 0 /INPUT 1 "p1"
    .port_info 1 /INPUT 1 "g1"
    .port_info 2 /INPUT 1 "p2"
    .port_info 3 /INPUT 1 "g2"
    .port_info 4 /OUTPUT 1 "p"
    .port_info 5 /OUTPUT 1 "g"
L_0x563e34b43990 .functor AND 1, L_0x563e34b3de20, L_0x563e34b3e3c0, C4<1>, C4<1>;
L_0x563e34b43a90 .functor AND 1, L_0x563e34b3de20, L_0x563e34b3e530, C4<1>, C4<1>;
L_0x563e34b43b00 .functor OR 1, L_0x563e34b43a90, L_0x563e34b3df50, C4<0>, C4<0>;
v0x563e34b1fc60_0 .net "g", 0 0, L_0x563e34b43b00;  alias, 1 drivers
v0x563e34b1fd40_0 .net "g1", 0 0, L_0x563e34b3df50;  alias, 1 drivers
v0x563e34b1fe00_0 .net "g2", 0 0, L_0x563e34b3e530;  alias, 1 drivers
v0x563e34b1fea0_0 .net "p", 0 0, L_0x563e34b43990;  alias, 1 drivers
v0x563e34b1ff40_0 .net "p1", 0 0, L_0x563e34b3de20;  alias, 1 drivers
v0x563e34b20030_0 .net "p2", 0 0, L_0x563e34b3e3c0;  alias, 1 drivers
v0x563e34b200d0_0 .net "w", 0 0, L_0x563e34b43a90;  1 drivers
S_0x563e34b201f0 .scope module, "b22" "black" 3 71, 3 122 0, S_0x563e34ae0250;
 .timescale 0 0;
    .port_info 0 /INPUT 1 "p1"
    .port_info 1 /INPUT 1 "g1"
    .port_info 2 /INPUT 1 "p2"
    .port_info 3 /INPUT 1 "g2"
    .port_info 4 /OUTPUT 1 "p"
    .port_info 5 /OUTPUT 1 "g"
L_0x563e34b43c00 .functor AND 1, L_0x563e34b3e3c0, L_0x563e34b3e9e0, C4<1>, C4<1>;
L_0x563e34b43c70 .functor AND 1, L_0x563e34b3e3c0, L_0x563e34b3eb50, C4<1>, C4<1>;
L_0x563e34b43ce0 .functor OR 1, L_0x563e34b43c70, L_0x563e34b3e530, C4<0>, C4<0>;
v0x563e34b20460_0 .net "g", 0 0, L_0x563e34b43ce0;  alias, 1 drivers
v0x563e34b20540_0 .net "g1", 0 0, L_0x563e34b3e530;  alias, 1 drivers
v0x563e34b20600_0 .net "g2", 0 0, L_0x563e34b3eb50;  alias, 1 drivers
v0x563e34b206a0_0 .net "p", 0 0, L_0x563e34b43c00;  alias, 1 drivers
v0x563e34b20740_0 .net "p1", 0 0, L_0x563e34b3e3c0;  alias, 1 drivers
v0x563e34b20880_0 .net "p2", 0 0, L_0x563e34b3e9e0;  alias, 1 drivers
v0x563e34b20920_0 .net "w", 0 0, L_0x563e34b43c70;  1 drivers
S_0x563e34b20a80 .scope module, "b23" "black" 3 72, 3 122 0, S_0x563e34ae0250;
 .timescale 0 0;
    .port_info 0 /INPUT 1 "p1"
    .port_info 1 /INPUT 1 "g1"
    .port_info 2 /INPUT 1 "p2"
    .port_info 3 /INPUT 1 "g2"
    .port_info 4 /OUTPUT 1 "p"
    .port_info 5 /OUTPUT 1 "g"
L_0x563e34b43d50 .functor AND 1, L_0x563e34b3e9e0, L_0x563e34b3f040, C4<1>, C4<1>;
L_0x563e34b43e50 .functor AND 1, L_0x563e34b3e9e0, L_0x563e34b3f120, C4<1>, C4<1>;
L_0x563e34b43ec0 .functor OR 1, L_0x563e34b43e50, L_0x563e34b3eb50, C4<0>, C4<0>;
v0x563e34b20cf0_0 .net "g", 0 0, L_0x563e34b43ec0;  alias, 1 drivers
v0x563e34b20dd0_0 .net "g1", 0 0, L_0x563e34b3eb50;  alias, 1 drivers
v0x563e34b20ee0_0 .net "g2", 0 0, L_0x563e34b3f120;  alias, 1 drivers
v0x563e34b20f80_0 .net "p", 0 0, L_0x563e34b43d50;  alias, 1 drivers
v0x563e34b21020_0 .net "p1", 0 0, L_0x563e34b3e9e0;  alias, 1 drivers
v0x563e34b21160_0 .net "p2", 0 0, L_0x563e34b3f040;  alias, 1 drivers
v0x563e34b21200_0 .net "w", 0 0, L_0x563e34b43e50;  1 drivers
S_0x563e34b21360 .scope module, "b24" "black" 3 73, 3 122 0, S_0x563e34ae0250;
 .timescale 0 0;
    .port_info 0 /INPUT 1 "p1"
    .port_info 1 /INPUT 1 "g1"
    .port_info 2 /INPUT 1 "p2"
    .port_info 3 /INPUT 1 "g2"
    .port_info 4 /OUTPUT 1 "p"
    .port_info 5 /OUTPUT 1 "g"
L_0x563e34b43fc0 .functor AND 1, L_0x563e34b3f040, L_0x563e34b3efd0, C4<1>, C4<1>;
L_0x563e34b440c0 .functor AND 1, L_0x563e34b3f040, L_0x563e34b3f710, C4<1>, C4<1>;
L_0x563e34b44130 .functor OR 1, L_0x563e34b440c0, L_0x563e34b3f120, C4<0>, C4<0>;
v0x563e34b215d0_0 .net "g", 0 0, L_0x563e34b44130;  alias, 1 drivers
v0x563e34b216b0_0 .net "g1", 0 0, L_0x563e34b3f120;  alias, 1 drivers
v0x563e34b217c0_0 .net "g2", 0 0, L_0x563e34b3f710;  alias, 1 drivers
v0x563e34b21860_0 .net "p", 0 0, L_0x563e34b43fc0;  alias, 1 drivers
v0x563e34b21900_0 .net "p1", 0 0, L_0x563e34b3f040;  alias, 1 drivers
v0x563e34b21a40_0 .net "p2", 0 0, L_0x563e34b3efd0;  alias, 1 drivers
v0x563e34b21ae0_0 .net "w", 0 0, L_0x563e34b440c0;  1 drivers
S_0x563e34b21c40 .scope module, "b25" "black" 3 74, 3 122 0, S_0x563e34ae0250;
 .timescale 0 0;
    .port_info 0 /INPUT 1 "p1"
    .port_info 1 /INPUT 1 "g1"
    .port_info 2 /INPUT 1 "p2"
    .port_info 3 /INPUT 1 "g2"
    .port_info 4 /OUTPUT 1 "p"
    .port_info 5 /OUTPUT 1 "g"
L_0x563e34b44230 .functor AND 1, L_0x563e34b3efd0, L_0x563e34b3fcd0, C4<1>, C4<1>;
L_0x563e34b44330 .functor AND 1, L_0x563e34b3efd0, L_0x563e34b3fdb0, C4<1>, C4<1>;
L_0x563e34b443a0 .functor OR 1, L_0x563e34b44330, L_0x563e34b3f710, C4<0>, C4<0>;
v0x563e34b21eb0_0 .net "g", 0 0, L_0x563e34b443a0;  alias, 1 drivers
v0x563e34b21f90_0 .net "g1", 0 0, L_0x563e34b3f710;  alias, 1 drivers
v0x563e34b220a0_0 .net "g2", 0 0, L_0x563e34b3fdb0;  alias, 1 drivers
v0x563e34b22140_0 .net "p", 0 0, L_0x563e34b44230;  alias, 1 drivers
v0x563e34b221e0_0 .net "p1", 0 0, L_0x563e34b3efd0;  alias, 1 drivers
v0x563e34b22320_0 .net "p2", 0 0, L_0x563e34b3fcd0;  alias, 1 drivers
v0x563e34b223c0_0 .net "w", 0 0, L_0x563e34b44330;  1 drivers
S_0x563e34b22520 .scope module, "b26" "black" 3 75, 3 122 0, S_0x563e34ae0250;
 .timescale 0 0;
    .port_info 0 /INPUT 1 "p1"
    .port_info 1 /INPUT 1 "g1"
    .port_info 2 /INPUT 1 "p2"
    .port_info 3 /INPUT 1 "g2"
    .port_info 4 /OUTPUT 1 "p"
    .port_info 5 /OUTPUT 1 "g"
L_0x563e34b444a0 .functor AND 1, L_0x563e34b3fcd0, L_0x563e34b40310, C4<1>, C4<1>;
L_0x563e34b445a0 .functor AND 1, L_0x563e34b3fcd0, L_0x563e34b40480, C4<1>, C4<1>;
L_0x563e34b44610 .functor OR 1, L_0x563e34b445a0, L_0x563e34b3fdb0, C4<0>, C4<0>;
v0x563e34b22790_0 .net "g", 0 0, L_0x563e34b44610;  alias, 1 drivers
v0x563e34b22870_0 .net "g1", 0 0, L_0x563e34b3fdb0;  alias, 1 drivers
v0x563e34b22980_0 .net "g2", 0 0, L_0x563e34b40480;  alias, 1 drivers
v0x563e34b22a20_0 .net "p", 0 0, L_0x563e34b444a0;  alias, 1 drivers
v0x563e34b22ac0_0 .net "p1", 0 0, L_0x563e34b3fcd0;  alias, 1 drivers
v0x563e34b22c00_0 .net "p2", 0 0, L_0x563e34b40310;  alias, 1 drivers
v0x563e34b22ca0_0 .net "w", 0 0, L_0x563e34b445a0;  1 drivers
S_0x563e34b22e00 .scope module, "b31" "black" 3 79, 3 122 0, S_0x563e34ae0250;
 .timescale 0 0;
    .port_info 0 /INPUT 1 "p1"
    .port_info 1 /INPUT 1 "g1"
    .port_info 2 /INPUT 1 "p2"
    .port_info 3 /INPUT 1 "g2"
    .port_info 4 /OUTPUT 1 "p"
    .port_info 5 /OUTPUT 1 "g"
L_0x563e34b44900 .functor AND 1, L_0x563e34b43990, L_0x563e34b43d50, C4<1>, C4<1>;
L_0x563e34b44970 .functor AND 1, L_0x563e34b43990, L_0x563e34b43ec0, C4<1>, C4<1>;
L_0x563e34b449e0 .functor OR 1, L_0x563e34b44970, L_0x563e34b43b00, C4<0>, C4<0>;
v0x563e34b23070_0 .net "g", 0 0, L_0x563e34b449e0;  alias, 1 drivers
v0x563e34b23150_0 .net "g1", 0 0, L_0x563e34b43b00;  alias, 1 drivers
v0x563e34b23210_0 .net "g2", 0 0, L_0x563e34b43ec0;  alias, 1 drivers
v0x563e34b23310_0 .net "p", 0 0, L_0x563e34b44900;  alias, 1 drivers
v0x563e34b233b0_0 .net "p1", 0 0, L_0x563e34b43990;  alias, 1 drivers
v0x563e34b234a0_0 .net "p2", 0 0, L_0x563e34b43d50;  alias, 1 drivers
v0x563e34b23570_0 .net "w", 0 0, L_0x563e34b44970;  1 drivers
S_0x563e34b23690 .scope module, "b32" "black" 3 80, 3 122 0, S_0x563e34ae0250;
 .timescale 0 0;
    .port_info 0 /INPUT 1 "p1"
    .port_info 1 /INPUT 1 "g1"
    .port_info 2 /INPUT 1 "p2"
    .port_info 3 /INPUT 1 "g2"
    .port_info 4 /OUTPUT 1 "p"
    .port_info 5 /OUTPUT 1 "g"
L_0x563e34b44a50 .functor AND 1, L_0x563e34b43c00, L_0x563e34b43fc0, C4<1>, C4<1>;
L_0x563e34b44b50 .functor AND 1, L_0x563e34b43c00, L_0x563e34b44130, C4<1>, C4<1>;
L_0x563e34b44bc0 .functor OR 1, L_0x563e34b44b50, L_0x563e34b43ce0, C4<0>, C4<0>;
v0x563e34b23900_0 .net "g", 0 0, L_0x563e34b44bc0;  alias, 1 drivers
v0x563e34b239e0_0 .net "g1", 0 0, L_0x563e34b43ce0;  alias, 1 drivers
v0x563e34b23ad0_0 .net "g2", 0 0, L_0x563e34b44130;  alias, 1 drivers
v0x563e34b23bd0_0 .net "p", 0 0, L_0x563e34b44a50;  alias, 1 drivers
v0x563e34b23c70_0 .net "p1", 0 0, L_0x563e34b43c00;  alias, 1 drivers
v0x563e34b23d60_0 .net "p2", 0 0, L_0x563e34b43fc0;  alias, 1 drivers
v0x563e34b23e30_0 .net "w", 0 0, L_0x563e34b44b50;  1 drivers
S_0x563e34b23f50 .scope module, "b33" "black" 3 81, 3 122 0, S_0x563e34ae0250;
 .timescale 0 0;
    .port_info 0 /INPUT 1 "p1"
    .port_info 1 /INPUT 1 "g1"
    .port_info 2 /INPUT 1 "p2"
    .port_info 3 /INPUT 1 "g2"
    .port_info 4 /OUTPUT 1 "p"
    .port_info 5 /OUTPUT 1 "g"
L_0x563e34b44cc0 .functor AND 1, L_0x563e34b43d50, L_0x563e34b44230, C4<1>, C4<1>;
L_0x563e34b44d30 .functor AND 1, L_0x563e34b43d50, L_0x563e34b443a0, C4<1>, C4<1>;
L_0x563e34b44da0 .functor OR 1, L_0x563e34b44d30, L_0x563e34b43ec0, C4<0>, C4<0>;
v0x563e34b241c0_0 .net "g", 0 0, L_0x563e34b44da0;  alias, 1 drivers
v0x563e34b242a0_0 .net "g1", 0 0, L_0x563e34b43ec0;  alias, 1 drivers
v0x563e34b243b0_0 .net "g2", 0 0, L_0x563e34b443a0;  alias, 1 drivers
v0x563e34b24480_0 .net "p", 0 0, L_0x563e34b44cc0;  alias, 1 drivers
v0x563e34b24520_0 .net "p1", 0 0, L_0x563e34b43d50;  alias, 1 drivers
v0x563e34b24660_0 .net "p2", 0 0, L_0x563e34b44230;  alias, 1 drivers
v0x563e34b24700_0 .net "w", 0 0, L_0x563e34b44d30;  1 drivers
S_0x563e34b24860 .scope module, "b34" "black" 3 82, 3 122 0, S_0x563e34ae0250;
 .timescale 0 0;
    .port_info 0 /INPUT 1 "p1"
    .port_info 1 /INPUT 1 "g1"
    .port_info 2 /INPUT 1 "p2"
    .port_info 3 /INPUT 1 "g2"
    .port_info 4 /OUTPUT 1 "p"
    .port_info 5 /OUTPUT 1 "g"
L_0x563e34b44e10 .functor AND 1, L_0x563e34b43fc0, L_0x563e34b444a0, C4<1>, C4<1>;
L_0x563e34b44e80 .functor AND 1, L_0x563e34b43fc0, L_0x563e34b44610, C4<1>, C4<1>;
L_0x563e34b44ef0 .functor OR 1, L_0x563e34b44e80, L_0x563e34b44130, C4<0>, C4<0>;
v0x563e34b24ad0_0 .net "g", 0 0, L_0x563e34b44ef0;  alias, 1 drivers
v0x563e34b24bb0_0 .net "g1", 0 0, L_0x563e34b44130;  alias, 1 drivers
v0x563e34b24cc0_0 .net "g2", 0 0, L_0x563e34b44610;  alias, 1 drivers
v0x563e34b24d60_0 .net "p", 0 0, L_0x563e34b44e10;  alias, 1 drivers
v0x563e34b24e00_0 .net "p1", 0 0, L_0x563e34b43fc0;  alias, 1 drivers
v0x563e34b24f40_0 .net "p2", 0 0, L_0x563e34b444a0;  alias, 1 drivers
v0x563e34b24fe0_0 .net "w", 0 0, L_0x563e34b44e80;  1 drivers
S_0x563e34b25140 .scope module, "g11" "grey" 3 51, 3 114 0, S_0x563e34ae0250;
 .timescale 0 0;
    .port_info 0 /INPUT 1 "p1"
    .port_info 1 /INPUT 1 "g1"
    .port_info 2 /INPUT 1 "g2"
    .port_info 3 /OUTPUT 1 "g"
L_0x563e34b40ee0 .functor AND 1, L_0x563e34b41010, L_0x563e34b412f0, C4<1>, C4<1>;
L_0x563e34b40f50 .functor OR 1, L_0x563e34b41100, L_0x563e34b40ee0, C4<0>, C4<0>;
v0x563e34b25380_0 .net "g", 0 0, L_0x563e34b40f50;  alias, 1 drivers
v0x563e34b25460_0 .net "g1", 0 0, L_0x563e34b41100;  1 drivers
v0x563e34b25520_0 .net "g2", 0 0, L_0x563e34b412f0;  1 drivers
v0x563e34b255f0_0 .net "p1", 0 0, L_0x563e34b41010;  1 drivers
v0x563e34b256b0_0 .net "w", 0 0, L_0x563e34b40ee0;  1 drivers
S_0x563e34b25840 .scope module, "g21" "grey" 3 76, 3 114 0, S_0x563e34ae0250;
 .timescale 0 0;
    .port_info 0 /INPUT 1 "p1"
    .port_info 1 /INPUT 1 "g1"
    .port_info 2 /INPUT 1 "g2"
    .port_info 3 /OUTPUT 1 "g"
L_0x563e34b44710 .functor AND 1, L_0x563e34b40310, L_0x563e34b40f50, C4<1>, C4<1>;
L_0x563e34b44780 .functor OR 1, L_0x563e34b40480, L_0x563e34b44710, C4<0>, C4<0>;
v0x563e34b25a80_0 .net "g", 0 0, L_0x563e34b44780;  alias, 1 drivers
v0x563e34b25b60_0 .net "g1", 0 0, L_0x563e34b40480;  alias, 1 drivers
v0x563e34b25c70_0 .net "g2", 0 0, L_0x563e34b40f50;  alias, 1 drivers
v0x563e34b25d40_0 .net "p1", 0 0, L_0x563e34b40310;  alias, 1 drivers
v0x563e34b25e30_0 .net "w", 0 0, L_0x563e34b44710;  1 drivers
S_0x563e34b25f60 .scope module, "g31" "grey" 3 83, 3 114 0, S_0x563e34ae0250;
 .timescale 0 0;
    .port_info 0 /INPUT 1 "p1"
    .port_info 1 /INPUT 1 "g1"
    .port_info 2 /INPUT 1 "g2"
    .port_info 3 /OUTPUT 1 "g"
L_0x563e34b44f60 .functor AND 1, L_0x563e34b44230, L_0x563e34b44780, C4<1>, C4<1>;
L_0x563e34b44fd0 .functor OR 1, L_0x563e34b443a0, L_0x563e34b44f60, C4<0>, C4<0>;
v0x563e34b261a0_0 .net "g", 0 0, L_0x563e34b44fd0;  alias, 1 drivers
v0x563e34b26280_0 .net "g1", 0 0, L_0x563e34b443a0;  alias, 1 drivers
v0x563e34b26390_0 .net "g2", 0 0, L_0x563e34b44780;  alias, 1 drivers
v0x563e34b26430_0 .net "p1", 0 0, L_0x563e34b44230;  alias, 1 drivers
v0x563e34b26520_0 .net "w", 0 0, L_0x563e34b44f60;  1 drivers
S_0x563e34b26650 .scope module, "g32" "grey" 3 85, 3 114 0, S_0x563e34ae0250;
 .timescale 0 0;
    .port_info 0 /INPUT 1 "p1"
    .port_info 1 /INPUT 1 "g1"
    .port_info 2 /INPUT 1 "g2"
    .port_info 3 /OUTPUT 1 "g"
L_0x563e34b45140 .functor AND 1, L_0x563e34b444a0, L_0x563e34b40f50, C4<1>, C4<1>;
L_0x563e34b451b0 .functor OR 1, L_0x563e34b44610, L_0x563e34b45140, C4<0>, C4<0>;
v0x563e34b26890_0 .net "g", 0 0, L_0x563e34b451b0;  alias, 1 drivers
v0x563e34b26970_0 .net "g1", 0 0, L_0x563e34b44610;  alias, 1 drivers
v0x563e34b26a80_0 .net "g2", 0 0, L_0x563e34b40f50;  alias, 1 drivers
v0x563e34b26b70_0 .net "p1", 0 0, L_0x563e34b444a0;  alias, 1 drivers
v0x563e34b26c60_0 .net "w", 0 0, L_0x563e34b45140;  1 drivers
S_0x563e34b26db0 .scope module, "g41" "grey" 3 88, 3 114 0, S_0x563e34ae0250;
 .timescale 0 0;
    .port_info 0 /INPUT 1 "p1"
    .port_info 1 /INPUT 1 "g1"
    .port_info 2 /INPUT 1 "g2"
    .port_info 3 /OUTPUT 1 "g"
L_0x563e34b453d0 .functor AND 1, L_0x563e34b44900, L_0x563e34b44fd0, C4<1>, C4<1>;
L_0x563e34b454d0 .functor OR 1, L_0x563e34b449e0, L_0x563e34b453d0, C4<0>, C4<0>;
v0x563e34b26ff0_0 .net "g", 0 0, L_0x563e34b454d0;  alias, 1 drivers
v0x563e34b270d0_0 .net "g1", 0 0, L_0x563e34b449e0;  alias, 1 drivers
v0x563e34b27190_0 .net "g2", 0 0, L_0x563e34b44fd0;  alias, 1 drivers
v0x563e34b27230_0 .net "p1", 0 0, L_0x563e34b44900;  alias, 1 drivers
v0x563e34b27300_0 .net "w", 0 0, L_0x563e34b453d0;  1 drivers
S_0x563e34b273f0 .scope module, "g42" "grey" 3 90, 3 114 0, S_0x563e34ae0250;
 .timescale 0 0;
    .port_info 0 /INPUT 1 "p1"
    .port_info 1 /INPUT 1 "g1"
    .port_info 2 /INPUT 1 "g2"
    .port_info 3 /OUTPUT 1 "g"
L_0x563e34b45640 .functor AND 1, L_0x563e34b44a50, L_0x563e34b451b0, C4<1>, C4<1>;
L_0x563e34b45740 .functor OR 1, L_0x563e34b44bc0, L_0x563e34b45640, C4<0>, C4<0>;
v0x563e34b27630_0 .net "g", 0 0, L_0x563e34b45740;  alias, 1 drivers
v0x563e34b27710_0 .net "g1", 0 0, L_0x563e34b44bc0;  alias, 1 drivers
v0x563e34b27800_0 .net "g2", 0 0, L_0x563e34b451b0;  alias, 1 drivers
v0x563e34b27900_0 .net "p1", 0 0, L_0x563e34b44a50;  alias, 1 drivers
v0x563e34b279d0_0 .net "w", 0 0, L_0x563e34b45640;  1 drivers
S_0x563e34b27ac0 .scope module, "g43" "grey" 3 92, 3 114 0, S_0x563e34ae0250;
 .timescale 0 0;
    .port_info 0 /INPUT 1 "p1"
    .port_info 1 /INPUT 1 "g1"
    .port_info 2 /INPUT 1 "g2"
    .port_info 3 /OUTPUT 1 "g"
L_0x563e34b45a00 .functor AND 1, L_0x563e34b44cc0, L_0x563e34b44780, C4<1>, C4<1>;
L_0x563e34b45b00 .functor OR 1, L_0x563e34b44da0, L_0x563e34b45a00, C4<0>, C4<0>;
v0x563e34b27d00_0 .net "g", 0 0, L_0x563e34b45b00;  alias, 1 drivers
v0x563e34b27de0_0 .net "g1", 0 0, L_0x563e34b44da0;  alias, 1 drivers
v0x563e34b27ed0_0 .net "g2", 0 0, L_0x563e34b44780;  alias, 1 drivers
v0x563e34b27ff0_0 .net "p1", 0 0, L_0x563e34b44cc0;  alias, 1 drivers
v0x563e34b28090_0 .net "w", 0 0, L_0x563e34b45a00;  1 drivers
S_0x563e34b281a0 .scope module, "g44" "grey" 3 94, 3 114 0, S_0x563e34ae0250;
 .timescale 0 0;
    .port_info 0 /INPUT 1 "p1"
    .port_info 1 /INPUT 1 "g1"
    .port_info 2 /INPUT 1 "g2"
    .port_info 3 /OUTPUT 1 "g"
L_0x563e34b45c70 .functor AND 1, L_0x563e34b44e10, L_0x563e34b40f50, C4<1>, C4<1>;
L_0x563e34b45d70 .functor OR 1, L_0x563e34b44ef0, L_0x563e34b45c70, C4<0>, C4<0>;
v0x563e34b283e0_0 .net "g", 0 0, L_0x563e34b45d70;  alias, 1 drivers
v0x563e34b284c0_0 .net "g1", 0 0, L_0x563e34b44ef0;  alias, 1 drivers
v0x563e34b285b0_0 .net "g2", 0 0, L_0x563e34b40f50;  alias, 1 drivers
v0x563e34b28680_0 .net "p1", 0 0, L_0x563e34b44e10;  alias, 1 drivers
v0x563e34b28750_0 .net "w", 0 0, L_0x563e34b45c70;  1 drivers
S_0x563e34b28860 .scope module, "g51" "grey" 3 97, 3 114 0, S_0x563e34ae0250;
 .timescale 0 0;
    .port_info 0 /INPUT 1 "p1"
    .port_info 1 /INPUT 1 "g1"
    .port_info 2 /INPUT 1 "g2"
    .port_info 3 /OUTPUT 1 "g"
L_0x563e34b46040 .functor AND 1, L_0x563e34b41820, L_0x563e34b40f50, C4<1>, C4<1>;
L_0x563e34b460b0 .functor OR 1, L_0x563e34b41af0, L_0x563e34b46040, C4<0>, C4<0>;
v0x563e34b28aa0_0 .net "g", 0 0, L_0x563e34b460b0;  1 drivers
v0x563e34b28b80_0 .net "g1", 0 0, L_0x563e34b41af0;  alias, 1 drivers
v0x563e34b28c40_0 .net "g2", 0 0, L_0x563e34b40f50;  alias, 1 drivers
v0x563e34b28d10_0 .net "p1", 0 0, L_0x563e34b41820;  alias, 1 drivers
v0x563e34b28db0_0 .net "w", 0 0, L_0x563e34b46040;  1 drivers
S_0x563e34b28ef0 .scope module, "g52" "grey" 3 98, 3 114 0, S_0x563e34ae0250;
 .timescale 0 0;
    .port_info 0 /INPUT 1 "p1"
    .port_info 1 /INPUT 1 "g1"
    .port_info 2 /INPUT 1 "g2"
    .port_info 3 /OUTPUT 1 "g"
L_0x563e34b46120 .functor AND 1, L_0x563e34b41ca0, L_0x563e34b44780, C4<1>, C4<1>;
L_0x563e34b46190 .functor OR 1, L_0x563e34b419d0, L_0x563e34b46120, C4<0>, C4<0>;
v0x563e34b29130_0 .net "g", 0 0, L_0x563e34b46190;  1 drivers
v0x563e34b29210_0 .net "g1", 0 0, L_0x563e34b419d0;  alias, 1 drivers
v0x563e34b292d0_0 .net "g2", 0 0, L_0x563e34b44780;  alias, 1 drivers
v0x563e34b293a0_0 .net "p1", 0 0, L_0x563e34b41ca0;  alias, 1 drivers
v0x563e34b29440_0 .net "w", 0 0, L_0x563e34b46120;  1 drivers
S_0x563e34b295d0 .scope module, "g53" "grey" 3 99, 3 114 0, S_0x563e34ae0250;
 .timescale 0 0;
    .port_info 0 /INPUT 1 "p1"
    .port_info 1 /INPUT 1 "g1"
    .port_info 2 /INPUT 1 "g2"
    .port_info 3 /OUTPUT 1 "g"
L_0x563e34b46200 .functor AND 1, L_0x563e34b42060, L_0x563e34b451b0, C4<1>, C4<1>;
L_0x563e34b46270 .functor OR 1, L_0x563e34b423a0, L_0x563e34b46200, C4<0>, C4<0>;
v0x563e34b29810_0 .net "g", 0 0, L_0x563e34b46270;  1 drivers
v0x563e34b298f0_0 .net "g1", 0 0, L_0x563e34b423a0;  alias, 1 drivers
v0x563e34b299b0_0 .net "g2", 0 0, L_0x563e34b451b0;  alias, 1 drivers
v0x563e34b29ad0_0 .net "p1", 0 0, L_0x563e34b42060;  alias, 1 drivers
v0x563e34b29b70_0 .net "w", 0 0, L_0x563e34b46200;  1 drivers
S_0x563e34b29d00 .scope module, "g54" "grey" 3 100, 3 114 0, S_0x563e34ae0250;
 .timescale 0 0;
    .port_info 0 /INPUT 1 "p1"
    .port_info 1 /INPUT 1 "g1"
    .port_info 2 /INPUT 1 "g2"
    .port_info 3 /OUTPUT 1 "g"
L_0x563e34b462e0 .functor AND 1, L_0x563e34b42550, L_0x563e34b44fd0, C4<1>, C4<1>;
L_0x563e34b46350 .functor OR 1, L_0x563e34b42860, L_0x563e34b462e0, C4<0>, C4<0>;
v0x563e34b29f40_0 .net "g", 0 0, L_0x563e34b46350;  1 drivers
v0x563e34b2a020_0 .net "g1", 0 0, L_0x563e34b42860;  alias, 1 drivers
v0x563e34b2a0e0_0 .net "g2", 0 0, L_0x563e34b44fd0;  alias, 1 drivers
v0x563e34b2a1d0_0 .net "p1", 0 0, L_0x563e34b42550;  alias, 1 drivers
v0x563e34b2a270_0 .net "w", 0 0, L_0x563e34b462e0;  1 drivers
S_0x563e34b2a400 .scope module, "g55" "grey" 3 101, 3 114 0, S_0x563e34ae0250;
 .timescale 0 0;
    .port_info 0 /INPUT 1 "p1"
    .port_info 1 /INPUT 1 "g1"
    .port_info 2 /INPUT 1 "g2"
    .port_info 3 /OUTPUT 1 "g"
L_0x563e34b463c0 .functor AND 1, L_0x563e34b42a10, L_0x563e34b45d70, C4<1>, C4<1>;
L_0x563e34b46430 .functor OR 1, L_0x563e34b42d90, L_0x563e34b463c0, C4<0>, C4<0>;
v0x563e34b2a640_0 .net "g", 0 0, L_0x563e34b46430;  1 drivers
v0x563e34b2a720_0 .net "g1", 0 0, L_0x563e34b42d90;  alias, 1 drivers
v0x563e34b2a7e0_0 .net "g2", 0 0, L_0x563e34b45d70;  alias, 1 drivers
v0x563e34b2a8b0_0 .net "p1", 0 0, L_0x563e34b42a10;  alias, 1 drivers
v0x563e34b2a950_0 .net "w", 0 0, L_0x563e34b463c0;  1 drivers
S_0x563e34b2aac0 .scope module, "g56" "grey" 3 102, 3 114 0, S_0x563e34ae0250;
 .timescale 0 0;
    .port_info 0 /INPUT 1 "p1"
    .port_info 1 /INPUT 1 "g1"
    .port_info 2 /INPUT 1 "g2"
    .port_info 3 /OUTPUT 1 "g"
L_0x563e34b464a0 .functor AND 1, L_0x563e34b42f40, L_0x563e34b45b00, C4<1>, C4<1>;
L_0x563e34b46510 .functor OR 1, L_0x563e34b42ad0, L_0x563e34b464a0, C4<0>, C4<0>;
v0x563e34b2ad00_0 .net "g", 0 0, L_0x563e34b46510;  1 drivers
v0x563e34b2ade0_0 .net "g1", 0 0, L_0x563e34b42ad0;  alias, 1 drivers
v0x563e34b2aea0_0 .net "g2", 0 0, L_0x563e34b45b00;  alias, 1 drivers
v0x563e34b2afa0_0 .net "p1", 0 0, L_0x563e34b42f40;  alias, 1 drivers
v0x563e34b2b040_0 .net "w", 0 0, L_0x563e34b464a0;  1 drivers
S_0x563e34b2b1b0 .scope module, "g57" "grey" 3 103, 3 114 0, S_0x563e34ae0250;
 .timescale 0 0;
    .port_info 0 /INPUT 1 "p1"
    .port_info 1 /INPUT 1 "g1"
    .port_info 2 /INPUT 1 "g2"
    .port_info 3 /OUTPUT 1 "g"
L_0x563e34b46580 .functor AND 1, L_0x563e34b43420, L_0x563e34b45740, C4<1>, C4<1>;
L_0x563e34b465f0 .functor OR 1, L_0x563e34b437e0, L_0x563e34b46580, C4<0>, C4<0>;
v0x563e34b2b3f0_0 .net "g", 0 0, L_0x563e34b465f0;  1 drivers
v0x563e34b2b4d0_0 .net "g1", 0 0, L_0x563e34b437e0;  alias, 1 drivers
v0x563e34b2b590_0 .net "g2", 0 0, L_0x563e34b45740;  alias, 1 drivers
v0x563e34b2b690_0 .net "p1", 0 0, L_0x563e34b43420;  alias, 1 drivers
v0x563e34b2b730_0 .net "w", 0 0, L_0x563e34b46580;  1 drivers
S_0x563e34b2fe50 .scope module, "pp0" "pre_process" 3 5, 3 107 0, S_0x563e34adc250;
 .timescale 0 0;
    .port_info 0 /INPUT 1 "a"
    .port_info 1 /INPUT 1 "b"
    .port_info 2 /OUTPUT 1 "p"
    .port_info 3 /OUTPUT 1 "g"
L_0x563e34b391e0 .functor XOR 1, L_0x563e34b393d0, L_0x563e34b394c0, C4<0>, C4<0>;
L_0x563e34b392e0 .functor AND 1, L_0x563e34b393d0, L_0x563e34b394c0, C4<1>, C4<1>;
v0x563e34b30090_0 .net "a", 0 0, L_0x563e34b393d0;  1 drivers
v0x563e34b30130_0 .net "b", 0 0, L_0x563e34b394c0;  1 drivers
v0x563e34b301d0_0 .net "g", 0 0, L_0x563e34b392e0;  1 drivers
v0x563e34b30270_0 .net "p", 0 0, L_0x563e34b391e0;  1 drivers
S_0x563e34b30310 .scope module, "pp1" "pre_process" 3 6, 3 107 0, S_0x563e34adc250;
 .timescale 0 0;
    .port_info 0 /INPUT 1 "a"
    .port_info 1 /INPUT 1 "b"
    .port_info 2 /OUTPUT 1 "p"
    .port_info 3 /OUTPUT 1 "g"
L_0x563e34b395b0 .functor XOR 1, L_0x563e34b39730, L_0x563e34b397d0, C4<0>, C4<0>;
L_0x563e34b39620 .functor AND 1, L_0x563e34b39730, L_0x563e34b397d0, C4<1>, C4<1>;
v0x563e34b30580_0 .net "a", 0 0, L_0x563e34b39730;  1 drivers
v0x563e34b30620_0 .net "b", 0 0, L_0x563e34b397d0;  1 drivers
v0x563e34b306e0_0 .net "g", 0 0, L_0x563e34b39620;  1 drivers
v0x563e34b307b0_0 .net "p", 0 0, L_0x563e34b395b0;  1 drivers
S_0x563e34b30920 .scope module, "pp10" "pre_process" 3 15, 3 107 0, S_0x563e34adc250;
 .timescale 0 0;
    .port_info 0 /INPUT 1 "a"
    .port_info 1 /INPUT 1 "b"
    .port_info 2 /OUTPUT 1 "p"
    .port_info 3 /OUTPUT 1 "g"
L_0x563e34b3b570 .functor XOR 1, L_0x563e34b3b100, L_0x563e34b3b750, C4<0>, C4<0>;
L_0x563e34b3b610 .functor AND 1, L_0x563e34b3b100, L_0x563e34b3b750, C4<1>, C4<1>;
v0x563e34b30b60_0 .net "a", 0 0, L_0x563e34b3b100;  1 drivers
v0x563e34b30c40_0 .net "b", 0 0, L_0x563e34b3b750;  1 drivers
v0x563e34b30d00_0 .net "g", 0 0, L_0x563e34b3b610;  1 drivers
v0x563e34b30dd0_0 .net "p", 0 0, L_0x563e34b3b570;  1 drivers
S_0x563e34b30f40 .scope module, "pp11" "pre_process" 3 16, 3 107 0, S_0x563e34adc250;
 .timescale 0 0;
    .port_info 0 /INPUT 1 "a"
    .port_info 1 /INPUT 1 "b"
    .port_info 2 /OUTPUT 1 "p"
    .port_info 3 /OUTPUT 1 "g"
L_0x563e34b3b8b0 .functor XOR 1, L_0x563e34b3ba90, L_0x563e34b3bb30, C4<0>, C4<0>;
L_0x563e34b3b950 .functor AND 1, L_0x563e34b3ba90, L_0x563e34b3bb30, C4<1>, C4<1>;
v0x563e34b311d0_0 .net "a", 0 0, L_0x563e34b3ba90;  1 drivers
v0x563e34b312b0_0 .net "b", 0 0, L_0x563e34b3bb30;  1 drivers
v0x563e34b31370_0 .net "g", 0 0, L_0x563e34b3b950;  1 drivers
v0x563e34b31410_0 .net "p", 0 0, L_0x563e34b3b8b0;  1 drivers
S_0x563e34b31580 .scope module, "pp12" "pre_process" 3 17, 3 107 0, S_0x563e34adc250;
 .timescale 0 0;
    .port_info 0 /INPUT 1 "a"
    .port_info 1 /INPUT 1 "b"
    .port_info 2 /OUTPUT 1 "p"
    .port_info 3 /OUTPUT 1 "g"
L_0x563e34b3bca0 .functor XOR 1, L_0x563e34b3be80, L_0x563e34b3bf20, C4<0>, C4<0>;
L_0x563e34b3bd40 .functor AND 1, L_0x563e34b3be80, L_0x563e34b3bf20, C4<1>, C4<1>;
v0x563e34b317c0_0 .net "a", 0 0, L_0x563e34b3be80;  1 drivers
v0x563e34b318a0_0 .net "b", 0 0, L_0x563e34b3bf20;  1 drivers
v0x563e34b31960_0 .net "g", 0 0, L_0x563e34b3bd40;  1 drivers
v0x563e34b31a30_0 .net "p", 0 0, L_0x563e34b3bca0;  1 drivers
S_0x563e34b31ba0 .scope module, "pp13" "pre_process" 3 18, 3 107 0, S_0x563e34adc250;
 .timescale 0 0;
    .port_info 0 /INPUT 1 "a"
    .port_info 1 /INPUT 1 "b"
    .port_info 2 /OUTPUT 1 "p"
    .port_info 3 /OUTPUT 1 "g"
L_0x563e34b3c0a0 .functor XOR 1, L_0x563e34b3c280, L_0x563e34b3c320, C4<0>, C4<0>;
L_0x563e34b3c140 .functor AND 1, L_0x563e34b3c280, L_0x563e34b3c320, C4<1>, C4<1>;
v0x563e34b31de0_0 .net "a", 0 0, L_0x563e34b3c280;  1 drivers
v0x563e34b31ec0_0 .net "b", 0 0, L_0x563e34b3c320;  1 drivers
v0x563e34b31f80_0 .net "g", 0 0, L_0x563e34b3c140;  1 drivers
v0x563e34b32050_0 .net "p", 0 0, L_0x563e34b3c0a0;  1 drivers
S_0x563e34b321c0 .scope module, "pp14" "pre_process" 3 19, 3 107 0, S_0x563e34adc250;
 .timescale 0 0;
    .port_info 0 /INPUT 1 "a"
    .port_info 1 /INPUT 1 "b"
    .port_info 2 /OUTPUT 1 "p"
    .port_info 3 /OUTPUT 1 "g"
L_0x563e34b3c4b0 .functor XOR 1, L_0x563e34b3c690, L_0x563e34b3c940, C4<0>, C4<0>;
L_0x563e34b3c550 .functor AND 1, L_0x563e34b3c690, L_0x563e34b3c940, C4<1>, C4<1>;
v0x563e34b32400_0 .net "a", 0 0, L_0x563e34b3c690;  1 drivers
v0x563e34b324e0_0 .net "b", 0 0, L_0x563e34b3c940;  1 drivers
v0x563e34b325a0_0 .net "g", 0 0, L_0x563e34b3c550;  1 drivers
v0x563e34b32670_0 .net "p", 0 0, L_0x563e34b3c4b0;  1 drivers
S_0x563e34b327e0 .scope module, "pp15" "pre_process" 3 20, 3 107 0, S_0x563e34adc250;
 .timescale 0 0;
    .port_info 0 /INPUT 1 "a"
    .port_info 1 /INPUT 1 "b"
    .port_info 2 /OUTPUT 1 "p"
    .port_info 3 /OUTPUT 1 "g"
L_0x563e34b3ccf0 .functor XOR 1, L_0x563e34b3ced0, L_0x563e34b3cf70, C4<0>, C4<0>;
L_0x563e34b3cd90 .functor AND 1, L_0x563e34b3ced0, L_0x563e34b3cf70, C4<1>, C4<1>;
v0x563e34b32ab0_0 .net "a", 0 0, L_0x563e34b3ced0;  1 drivers
v0x563e34b32b90_0 .net "b", 0 0, L_0x563e34b3cf70;  1 drivers
v0x563e34b32c50_0 .net "g", 0 0, L_0x563e34b3cd90;  1 drivers
v0x563e34b32d20_0 .net "p", 0 0, L_0x563e34b3ccf0;  1 drivers
S_0x563e34b32e90 .scope module, "pp2" "pre_process" 3 7, 3 107 0, S_0x563e34adc250;
 .timescale 0 0;
    .port_info 0 /INPUT 1 "a"
    .port_info 1 /INPUT 1 "b"
    .port_info 2 /OUTPUT 1 "p"
    .port_info 3 /OUTPUT 1 "g"
L_0x563e34b398a0 .functor XOR 1, L_0x563e34b39a80, L_0x563e34b39b20, C4<0>, C4<0>;
L_0x563e34b39940 .functor AND 1, L_0x563e34b39a80, L_0x563e34b39b20, C4<1>, C4<1>;
v0x563e34b33080_0 .net "a", 0 0, L_0x563e34b39a80;  1 drivers
v0x563e34b33160_0 .net "b", 0 0, L_0x563e34b39b20;  1 drivers
v0x563e34b33220_0 .net "g", 0 0, L_0x563e34b39940;  1 drivers
v0x563e34b332f0_0 .net "p", 0 0, L_0x563e34b398a0;  1 drivers
S_0x563e34b33460 .scope module, "pp3" "pre_process" 3 8, 3 107 0, S_0x563e34adc250;
 .timescale 0 0;
    .port_info 0 /INPUT 1 "a"
    .port_info 1 /INPUT 1 "b"
    .port_info 2 /OUTPUT 1 "p"
    .port_info 3 /OUTPUT 1 "g"
L_0x563e34b39c90 .functor XOR 1, L_0x563e34b39da0, L_0x563e34b39e40, C4<0>, C4<0>;
L_0x563e34b39d00 .functor AND 1, L_0x563e34b39da0, L_0x563e34b39e40, C4<1>, C4<1>;
v0x563e34b336a0_0 .net "a", 0 0, L_0x563e34b39da0;  1 drivers
v0x563e34b33780_0 .net "b", 0 0, L_0x563e34b39e40;  1 drivers
v0x563e34b33840_0 .net "g", 0 0, L_0x563e34b39d00;  1 drivers
v0x563e34b33910_0 .net "p", 0 0, L_0x563e34b39c90;  1 drivers
S_0x563e34b33a80 .scope module, "pp4" "pre_process" 3 9, 3 107 0, S_0x563e34adc250;
 .timescale 0 0;
    .port_info 0 /INPUT 1 "a"
    .port_info 1 /INPUT 1 "b"
    .port_info 2 /OUTPUT 1 "p"
    .port_info 3 /OUTPUT 1 "g"
L_0x563e34b39f30 .functor XOR 1, L_0x563e34b3a110, L_0x563e34b3a1b0, C4<0>, C4<0>;
L_0x563e34b39fd0 .functor AND 1, L_0x563e34b3a110, L_0x563e34b3a1b0, C4<1>, C4<1>;
v0x563e34b33cc0_0 .net "a", 0 0, L_0x563e34b3a110;  1 drivers
v0x563e34b33da0_0 .net "b", 0 0, L_0x563e34b3a1b0;  1 drivers
v0x563e34b33e60_0 .net "g", 0 0, L_0x563e34b39fd0;  1 drivers
v0x563e34b33f30_0 .net "p", 0 0, L_0x563e34b39f30;  1 drivers
S_0x563e34b340a0 .scope module, "pp5" "pre_process" 3 10, 3 107 0, S_0x563e34adc250;
 .timescale 0 0;
    .port_info 0 /INPUT 1 "a"
    .port_info 1 /INPUT 1 "b"
    .port_info 2 /OUTPUT 1 "p"
    .port_info 3 /OUTPUT 1 "g"
L_0x563e34b3a2b0 .functor XOR 1, L_0x563e34b3a440, L_0x563e34b3a4e0, C4<0>, C4<0>;
L_0x563e34b3a350 .functor AND 1, L_0x563e34b3a440, L_0x563e34b3a4e0, C4<1>, C4<1>;
v0x563e34b342e0_0 .net "a", 0 0, L_0x563e34b3a440;  1 drivers
v0x563e34b343c0_0 .net "b", 0 0, L_0x563e34b3a4e0;  1 drivers
v0x563e34b34480_0 .net "g", 0 0, L_0x563e34b3a350;  1 drivers
v0x563e34b34550_0 .net "p", 0 0, L_0x563e34b3a2b0;  1 drivers
S_0x563e34b346c0 .scope module, "pp6" "pre_process" 3 11, 3 107 0, S_0x563e34adc250;
 .timescale 0 0;
    .port_info 0 /INPUT 1 "a"
    .port_info 1 /INPUT 1 "b"
    .port_info 2 /OUTPUT 1 "p"
    .port_info 3 /OUTPUT 1 "g"
L_0x563e34b3a5f0 .functor XOR 1, L_0x563e34b3a7d0, L_0x563e34b3a870, C4<0>, C4<0>;
L_0x563e34b3a690 .functor AND 1, L_0x563e34b3a7d0, L_0x563e34b3a870, C4<1>, C4<1>;
v0x563e34b34900_0 .net "a", 0 0, L_0x563e34b3a7d0;  1 drivers
v0x563e34b349e0_0 .net "b", 0 0, L_0x563e34b3a870;  1 drivers
v0x563e34b34aa0_0 .net "g", 0 0, L_0x563e34b3a690;  1 drivers
v0x563e34b34b70_0 .net "p", 0 0, L_0x563e34b3a5f0;  1 drivers
S_0x563e34b34ce0 .scope module, "pp7" "pre_process" 3 12, 3 107 0, S_0x563e34adc250;
 .timescale 0 0;
    .port_info 0 /INPUT 1 "a"
    .port_info 1 /INPUT 1 "b"
    .port_info 2 /OUTPUT 1 "p"
    .port_info 3 /OUTPUT 1 "g"
L_0x563e34b3a580 .functor XOR 1, L_0x563e34b3ac10, L_0x563e34b3acb0, C4<0>, C4<0>;
L_0x563e34b3aad0 .functor AND 1, L_0x563e34b3ac10, L_0x563e34b3acb0, C4<1>, C4<1>;
v0x563e34b34f20_0 .net "a", 0 0, L_0x563e34b3ac10;  1 drivers
v0x563e34b35000_0 .net "b", 0 0, L_0x563e34b3acb0;  1 drivers
v0x563e34b350c0_0 .net "g", 0 0, L_0x563e34b3aad0;  1 drivers
v0x563e34b35190_0 .net "p", 0 0, L_0x563e34b3a580;  1 drivers
S_0x563e34b35300 .scope module, "pp8" "pre_process" 3 13, 3 107 0, S_0x563e34adc250;
 .timescale 0 0;
    .port_info 0 /INPUT 1 "a"
    .port_info 1 /INPUT 1 "b"
    .port_info 2 /OUTPUT 1 "p"
    .port_info 3 /OUTPUT 1 "g"
L_0x563e34b3ade0 .functor XOR 1, L_0x563e34b3afc0, L_0x563e34b3b060, C4<0>, C4<0>;
L_0x563e34b3ae80 .functor AND 1, L_0x563e34b3afc0, L_0x563e34b3b060, C4<1>, C4<1>;
v0x563e34b35540_0 .net "a", 0 0, L_0x563e34b3afc0;  1 drivers
v0x563e34b35620_0 .net "b", 0 0, L_0x563e34b3b060;  1 drivers
v0x563e34b356e0_0 .net "g", 0 0, L_0x563e34b3ae80;  1 drivers
v0x563e34b357b0_0 .net "p", 0 0, L_0x563e34b3ade0;  1 drivers
S_0x563e34b35920 .scope module, "pp9" "pre_process" 3 14, 3 107 0, S_0x563e34adc250;
 .timescale 0 0;
    .port_info 0 /INPUT 1 "a"
    .port_info 1 /INPUT 1 "b"
    .port_info 2 /OUTPUT 1 "p"
    .port_info 3 /OUTPUT 1 "g"
L_0x563e34b3b1a0 .functor XOR 1, L_0x563e34b3b380, L_0x563e34b3b420, C4<0>, C4<0>;
L_0x563e34b3b240 .functor AND 1, L_0x563e34b3b380, L_0x563e34b3b420, C4<1>, C4<1>;
v0x563e34b35b60_0 .net "a", 0 0, L_0x563e34b3b380;  1 drivers
v0x563e34b35c40_0 .net "b", 0 0, L_0x563e34b3b420;  1 drivers
v0x563e34b35d00_0 .net "g", 0 0, L_0x563e34b3b240;  1 drivers
v0x563e34b35dd0_0 .net "p", 0 0, L_0x563e34b3b1a0;  1 drivers
    .scope S_0x563e34ae07d0;
T_0 ;
    %pushi/vec4 12, 0, 16;
    %store/vec4 v0x563e34b38f20_0, 0, 16;
    %pushi/vec4 5, 0, 16;
    %store/vec4 v0x563e34b39010_0, 0, 16;
    %delay 5, 0;
    %pushi/vec4 35, 0, 16;
    %store/vec4 v0x563e34b38f20_0, 0, 16;
    %pushi/vec4 50, 0, 16;
    %store/vec4 v0x563e34b39010_0, 0, 16;
    %delay 5, 0;
    %pushi/vec4 100, 0, 16;
    %store/vec4 v0x563e34b38f20_0, 0, 16;
    %pushi/vec4 345, 0, 16;
    %store/vec4 v0x563e34b39010_0, 0, 16;
    %delay 5, 0;
    %pushi/vec4 2001, 0, 16;
    %store/vec4 v0x563e34b38f20_0, 0, 16;
    %pushi/vec4 4, 0, 16;
    %store/vec4 v0x563e34b39010_0, 0, 16;
    %end;
    .thread T_0;
    .scope S_0x563e34ae07d0;
T_1 ;
    %vpi_call 2 20 "$monitor", $time, " a= %d, b = %d, sum = %d", v0x563e34b38f20_0, v0x563e34b39010_0, v0x563e34b390e0_0 {0 0 0};
    %end;
    .thread T_1;
# The file index is used to find the file name in the following table.
:file_names 4;
    "N/A";
    "<interactive>";
    "test_bench.v";
    "./han_carlson.v";
